2022-06-23 16:27:32 URL:https://challenge.open-contracting.org/ [102082] -> "challenge.open-contracting.org/index.html" [1]
2022-06-23 16:27:32 URL:https://challenge.open-contracting.org/favicon/apple-touch-icon.png [3553/3553] -> "challenge.open-contracting.org/favicon/apple-touch-icon.png" [1]
2022-06-23 16:27:32 URL:https://challenge.open-contracting.org/favicon/favicon-32x32.png [1191/1191] -> "challenge.open-contracting.org/favicon/favicon-32x32.png" [1]
2022-06-23 16:27:32 URL:https://challenge.open-contracting.org/favicon/android-chrome-192x192.png [6638/6638] -> "challenge.open-contracting.org/favicon/android-chrome-192x192.png" [1]
2022-06-23 16:27:32 URL:https://challenge.open-contracting.org/favicon/favicon-16x16.png [738/738] -> "challenge.open-contracting.org/favicon/favicon-16x16.png" [1]
2022-06-23 16:27:32 URL:https://challenge.open-contracting.org/favicon/site.webmanifest [1427/1427] -> "challenge.open-contracting.org/favicon/site.webmanifest.html" [1]
2022-06-23 16:27:32 URL:https://challenge.open-contracting.org/favicon/safari-pinned-tab.svg [5212/5212] -> "challenge.open-contracting.org/favicon/safari-pinned-tab.svg" [1]
2022-06-23 16:27:32 URL:https://challenge.open-contracting.org/favicon/favicon.ico [15086/15086] -> "challenge.open-contracting.org/favicon/favicon.ico" [1]
2022-06-23 16:27:32 URL:https://challenge.open-contracting.org/wp-includes/css/dist/block-library/style.min.css?ver=6.0 [88870/88870] -> "challenge.open-contracting.org/wp-includes/css/dist/block-library/style.min.css?ver=6.0.css" [1]
2022-06-23 16:27:32 URL:https://challenge.open-contracting.org/wp-content/themes/hackathon/assets/css/main.min.css?ver=6.0 [41970/41970] -> "challenge.open-contracting.org/wp-content/themes/hackathon/assets/css/main.min.css?ver=6.0.css" [1]
2022-06-23 16:27:32 URL:https://challenge.open-contracting.org/wp-content/themes/hackathon/assets/js/min/front.bundle.js?ver=1 [138968/138968] -> "challenge.open-contracting.org/wp-content/themes/hackathon/assets/js/min/front.bundle.js?ver=1" [1]
2022-06-23 16:27:33 URL:https://challenge.open-contracting.org/wp-json/ [358667] -> "challenge.open-contracting.org/wp-json/index.html" [1]
2022-06-23 16:27:33 URL:https://challenge.open-contracting.org/wp-json/wp/v2/pages/24 [1544] -> "challenge.open-contracting.org/wp-json/wp/v2/pages/24" [1]
2022-06-23 16:27:33 URL:https://challenge.open-contracting.org/wp-json/oembed/1.0/embed?url=https%3A%2F%2Fchallenge.open-contracting.org%2F [2449] -> "challenge.open-contracting.org/wp-json/oembed/1.0/embed?url=https:%2F%2Fchallenge.open-contracting.org%2F" [1]
2022-06-23 16:27:33 URL:https://challenge.open-contracting.org/wp-json/oembed/1.0/embed?url=https%3A%2F%2Fchallenge.open-contracting.org%2F&format=xml [2518] -> "challenge.open-contracting.org/wp-json/oembed/1.0/embed?url=https:%2F%2Fchallenge.open-contracting.org%2F&format=xml" [1]
2022-06-23 16:27:33 URL:https://challenge.open-contracting.org/en/ [79979] -> "challenge.open-contracting.org/en/index.html" [1]
2022-06-23 16:27:33 URL:https://challenge.open-contracting.org/wp-content/uploads/2021/04/cropped-ocp-favicon-2-32x32.png [837/837] -> "challenge.open-contracting.org/wp-content/uploads/2021/04/cropped-ocp-favicon-2-32x32.png" [1]
2022-06-23 16:27:34 URL:https://challenge.open-contracting.org/wp-content/uploads/2021/04/cropped-ocp-favicon-2-192x192.png [9226/9226] -> "challenge.open-contracting.org/wp-content/uploads/2021/04/cropped-ocp-favicon-2-192x192.png" [1]
2022-06-23 16:27:34 URL:https://challenge.open-contracting.org/wp-content/uploads/2021/04/cropped-ocp-favicon-2-180x180.png [8201/8201] -> "challenge.open-contracting.org/wp-content/uploads/2021/04/cropped-ocp-favicon-2-180x180.png" [1]
2022-06-23 16:27:34 URL:https://challenge.open-contracting.org/wp-content/themes/hackathon/assets/img/logo.svg [4899/4899] -> "challenge.open-contracting.org/wp-content/themes/hackathon/assets/img/logo.svg" [1]
2022-06-23 16:27:34 URL:https://challenge.open-contracting.org/programm/ [23177] -> "challenge.open-contracting.org/programm/index.html" [1]
2022-06-23 16:27:34 URL:https://challenge.open-contracting.org/faq/ [37581] -> "challenge.open-contracting.org/faq/index.html" [1]
2022-06-23 16:27:34 URL:https://challenge.open-contracting.org/what-kind-of-projects-might-inspire-you-to-apply-for-the-innovation-challenge/ [29034] -> "challenge.open-contracting.org/what-kind-of-projects-might-inspire-you-to-apply-for-the-innovation-challenge/index.html" [1]
2022-06-23 16:27:34 URL:https://challenge.open-contracting.org/wp-content/themes/hackathon/assets/img/green-circle.svg [502/502] -> "challenge.open-contracting.org/wp-content/themes/hackathon/assets/img/green-circle.svg" [1]
2022-06-23 16:27:34 URL:https://challenge.open-contracting.org/wp-content/uploads/2021/04/moldova.svg [50905/50905] -> "challenge.open-contracting.org/wp-content/uploads/2021/04/moldova.svg" [1]
2022-06-23 16:27:34 URL:https://challenge.open-contracting.org/wp-content/uploads/2021/04/kyrgyz.svg [43983/43983] -> "challenge.open-contracting.org/wp-content/uploads/2021/04/kyrgyz.svg" [1]
2022-06-23 16:27:34 URL:https://challenge.open-contracting.org/wp-content/uploads/2021/04/kazakh.svg [57745/57745] -> "challenge.open-contracting.org/wp-content/uploads/2021/04/kazakh.svg" [1]
2022-06-23 16:27:34 URL:https://challenge.open-contracting.org/wp-content/themes/hackathon/assets/img/objectives-circle.svg [376/376] -> "challenge.open-contracting.org/wp-content/themes/hackathon/assets/img/objectives-circle.svg" [1]
2022-06-23 16:27:35 URL:https://challenge.open-contracting.org/wp-content/themes/hackathon/assets/img/objectives-dots-cloud.svg [9363/9363] -> "challenge.open-contracting.org/wp-content/themes/hackathon/assets/img/objectives-dots-cloud.svg" [1]
2022-06-23 16:27:35 URL:https://challenge.open-contracting.org/wp-content/themes/hackathon/assets/img/objectives-gears.svg [12815/12815] -> "challenge.open-contracting.org/wp-content/themes/hackathon/assets/img/objectives-gears.svg" [1]
2022-06-23 16:27:35 URL:https://challenge.open-contracting.org/wp-content/themes/hackathon/assets/img/objectives-circle2.svg [331/331] -> "challenge.open-contracting.org/wp-content/themes/hackathon/assets/img/objectives-circle2.svg" [1]
2022-06-23 16:27:35 URL:https://challenge.open-contracting.org/wp-content/uploads/2021/04/part1.svg [1407/1407] -> "challenge.open-contracting.org/wp-content/uploads/2021/04/part1.svg" [1]
2022-06-23 16:27:35 URL:https://challenge.open-contracting.org/wp-content/uploads/2021/04/part2.svg [2490/2490] -> "challenge.open-contracting.org/wp-content/uploads/2021/04/part2.svg" [1]
2022-06-23 16:27:35 URL:https://challenge.open-contracting.org/wp-content/uploads/2021/04/part3.svg [2936/2936] -> "challenge.open-contracting.org/wp-content/uploads/2021/04/part3.svg" [1]
2022-06-23 16:27:35 URL:https://challenge.open-contracting.org/wp-content/uploads/2021/04/part4.svg [2605/2605] -> "challenge.open-contracting.org/wp-content/uploads/2021/04/part4.svg" [1]
2022-06-23 16:27:35 URL:https://challenge.open-contracting.org/wp-content/uploads/2021/04/part5.svg [3774/3774] -> "challenge.open-contracting.org/wp-content/uploads/2021/04/part5.svg" [1]
2022-06-23 16:27:35 URL:https://challenge.open-contracting.org/wp-content/uploads/2021/04/part6.svg [2369/2369] -> "challenge.open-contracting.org/wp-content/uploads/2021/04/part6.svg" [1]
2022-06-23 16:27:35 URL:https://challenge.open-contracting.org/wp-content/uploads/2021/04/part7.svg [1800/1800] -> "challenge.open-contracting.org/wp-content/uploads/2021/04/part7.svg" [1]
2022-06-23 16:27:35 URL:https://challenge.open-contracting.org/wp-content/themes/hackathon/assets/img/who-circle.svg [658/658] -> "challenge.open-contracting.org/wp-content/themes/hackathon/assets/img/who-circle.svg" [1]
2022-06-23 16:27:35 URL:https://challenge.open-contracting.org/wp-content/themes/hackathon/assets/img/monitor.png [545736/545736] -> "challenge.open-contracting.org/wp-content/themes/hackathon/assets/img/monitor.png" [1]
2022-06-23 16:27:35 URL:https://challenge.open-contracting.org/wp-content/themes/hackathon/assets/img/eligibility-circle.svg [390/390] -> "challenge.open-contracting.org/wp-content/themes/hackathon/assets/img/eligibility-circle.svg" [1]
2022-06-23 16:27:35 URL:https://challenge.open-contracting.org/kriterii-uchastiya/ [23644] -> "challenge.open-contracting.org/kriterii-uchastiya/index.html" [1]
2022-06-23 16:27:36 URL:https://challenge.open-contracting.org/kriterii-otbora/ [24431] -> "challenge.open-contracting.org/kriterii-otbora/index.html" [1]
2022-06-23 16:27:36 URL:https://challenge.open-contracting.org/orientirovochnye-voprosy-dlya-zayavki-na-vtoroj-raund-chellendzha/ [27903] -> "challenge.open-contracting.org/orientirovochnye-voprosy-dlya-zayavki-na-vtoroj-raund-chellendzha/index.html" [1]
2022-06-23 16:27:36 URL:https://challenge.open-contracting.org/kriterii-oczenki-dlya-vtorogo-etapa/ [25809] -> "challenge.open-contracting.org/kriterii-oczenki-dlya-vtorogo-etapa/index.html" [1]
2022-06-23 16:27:36 URL:https://challenge.open-contracting.org/wp-content/themes/hackathon/assets/img/schedule.svg [2535/2535] -> "challenge.open-contracting.org/wp-content/themes/hackathon/assets/img/schedule.svg" [1]
2022-06-23 16:27:36 URL:https://challenge.open-contracting.org/wp-content/uploads/2021/04/fund1.svg [11776/11776] -> "challenge.open-contracting.org/wp-content/uploads/2021/04/fund1.svg" [1]
2022-06-23 16:27:36 URL:https://challenge.open-contracting.org/wp-content/uploads/2021/04/fund2.svg [12136/12136] -> "challenge.open-contracting.org/wp-content/uploads/2021/04/fund2.svg" [1]
2022-06-23 16:27:36 URL:https://challenge.open-contracting.org/wp-content/uploads/2021/04/fund3.svg [11166/11166] -> "challenge.open-contracting.org/wp-content/uploads/2021/04/fund3.svg" [1]
2022-06-23 16:27:36 URL:https://challenge.open-contracting.org/wp-content/uploads/2021/04/fund4.svg [11294/11294] -> "challenge.open-contracting.org/wp-content/uploads/2021/04/fund4.svg" [1]
2022-06-23 16:27:36 URL:https://challenge.open-contracting.org/wp-content/themes/hackathon/assets/img/fund-cross.svg [10488/10488] -> "challenge.open-contracting.org/wp-content/themes/hackathon/assets/img/fund-cross.svg" [1]
2022-06-23 16:27:36 URL:https://challenge.open-contracting.org/blog/team/it-win/ [17526] -> "challenge.open-contracting.org/blog/team/it-win/index.html" [1]
2022-06-23 16:27:37 URL:https://challenge.open-contracting.org/wp-content/uploads/2021/07/itwin-2-300x300.jpg [19611/19611] -> "challenge.open-contracting.org/wp-content/uploads/2021/07/itwin-2-300x300.jpg" [1]
2022-06-23 16:27:37 URL:https://challenge.open-contracting.org/blog/team/positive-initiative/ [17840] -> "challenge.open-contracting.org/blog/team/positive-initiative/index.html" [1]
2022-06-23 16:27:37 URL:https://challenge.open-contracting.org/wp-content/uploads/2021/07/positive-initiative-2-300x300.jpg [16599/16599] -> "challenge.open-contracting.org/wp-content/uploads/2021/07/positive-initiative-2-300x300.jpg" [1]
2022-06-23 16:27:37 URL:https://challenge.open-contracting.org/blog/team/burkitvis/ [17474] -> "challenge.open-contracting.org/blog/team/burkitvis/index.html" [1]
2022-06-23 16:27:37 URL:https://challenge.open-contracting.org/wp-content/uploads/2021/07/burkit-2-300x300.jpg [13403/13403] -> "challenge.open-contracting.org/wp-content/uploads/2021/07/burkit-2-300x300.jpg" [1]
2022-06-23 16:27:37 URL:https://challenge.open-contracting.org/blog/team/kloop-media/ [17739] -> "challenge.open-contracting.org/blog/team/kloop-media/index.html" [1]
2022-06-23 16:27:37 URL:https://challenge.open-contracting.org/wp-content/uploads/2021/07/kloop-1-300x300.jpg [20002/20002] -> "challenge.open-contracting.org/wp-content/uploads/2021/07/kloop-1-300x300.jpg" [1]
2022-06-23 16:27:37 URL:https://challenge.open-contracting.org/blog/team/opentender-kz/ [17607] -> "challenge.open-contracting.org/blog/team/opentender-kz/index.html" [1]
2022-06-23 16:27:37 URL:https://challenge.open-contracting.org/wp-content/uploads/2021/07/opentender.kz_-1-300x300.jpg [16931/16931] -> "challenge.open-contracting.org/wp-content/uploads/2021/07/opentender.kz_-1-300x300.jpg" [1]
2022-06-23 16:27:38 URL:https://challenge.open-contracting.org/blog/team/ager/ [17711] -> "challenge.open-contracting.org/blog/team/ager/index.html" [1]
2022-06-23 16:27:38 URL:https://challenge.open-contracting.org/wp-content/uploads/2021/07/ager-2-300x300.jpg [18965/18965] -> "challenge.open-contracting.org/wp-content/uploads/2021/07/ager-2-300x300.jpg" [1]
2022-06-23 16:27:38 URL:https://challenge.open-contracting.org/blog/team/baa-kg/ [17659] -> "challenge.open-contracting.org/blog/team/baa-kg/index.html" [1]
2022-06-23 16:27:38 URL:https://challenge.open-contracting.org/wp-content/uploads/2021/07/baa-3-300x300.jpg [25946/25946] -> "challenge.open-contracting.org/wp-content/uploads/2021/07/baa-3-300x300.jpg" [1]
2022-06-23 16:27:38 URL:https://challenge.open-contracting.org/blog/team/innovation-challenge-team/ [18265] -> "challenge.open-contracting.org/blog/team/innovation-challenge-team/index.html" [1]
2022-06-23 16:27:38 URL:https://challenge.open-contracting.org/wp-content/uploads/2021/04/datanomix-2-300x300.jpg [15282/15282] -> "challenge.open-contracting.org/wp-content/uploads/2021/04/datanomix-2-300x300.jpg" [1]
2022-06-23 16:27:38 URL:https://challenge.open-contracting.org/wp-content/uploads/2021/06/photo_2021-06-03_11-32-59-310x310.jpg [19151/19151] -> "challenge.open-contracting.org/wp-content/uploads/2021/06/photo_2021-06-03_11-32-59-310x310.jpg" [1]
2022-06-23 16:27:38 URL:https://challenge.open-contracting.org/wp-content/uploads/2021/05/yahiya-edited-310x310.jpg [17049/17049] -> "challenge.open-contracting.org/wp-content/uploads/2021/05/yahiya-edited-310x310.jpg" [1]
2022-06-23 16:27:38 URL:https://challenge.open-contracting.org/wp-content/uploads/2021/05/oa1_7846-1-310x310.jpeg [51842/51842] -> "challenge.open-contracting.org/wp-content/uploads/2021/05/oa1_7846-1-310x310.jpeg" [1]
2022-06-23 16:27:38 URL:https://challenge.open-contracting.org/wp-content/uploads/2021/04/volodymyr-tarnay.jpg [11741/11741] -> "challenge.open-contracting.org/wp-content/uploads/2021/04/volodymyr-tarnay.jpg" [1]
2022-06-23 16:27:38 URL:https://challenge.open-contracting.org/wp-content/uploads/2021/04/netulia-310x310.png [149693/149693] -> "challenge.open-contracting.org/wp-content/uploads/2021/04/netulia-310x310.png" [1]
2022-06-23 16:27:39 URL:https://challenge.open-contracting.org/wp-content/uploads/2021/04/shamil.png [79400/79400] -> "challenge.open-contracting.org/wp-content/uploads/2021/04/shamil.png" [1]
2022-06-23 16:27:39 URL:https://challenge.open-contracting.org/wp-content/uploads/2021/04/nurida-310x310.jpg [27773/27773] -> "challenge.open-contracting.org/wp-content/uploads/2021/04/nurida-310x310.jpg" [1]
2022-06-23 16:27:39 URL:https://challenge.open-contracting.org/wp-content/uploads/2021/04/dsc4266-1-310x310.jpg [21875/21875] -> "challenge.open-contracting.org/wp-content/uploads/2021/04/dsc4266-1-310x310.jpg" [1]
2022-06-23 16:27:39 URL:https://challenge.open-contracting.org/wp-content/uploads/2021/04/dinara2-310x310.png [82598/82598] -> "challenge.open-contracting.org/wp-content/uploads/2021/04/dinara2-310x310.png" [1]
2022-06-23 16:27:39 URL:https://challenge.open-contracting.org/wp-content/uploads/2021/04/azis-310x310.png [201494/201494] -> "challenge.open-contracting.org/wp-content/uploads/2021/04/azis-310x310.png" [1]
2022-06-23 16:27:39 URL:https://challenge.open-contracting.org/wp-content/uploads/2021/04/askar2-310x310.png [89436/89436] -> "challenge.open-contracting.org/wp-content/uploads/2021/04/askar2-310x310.png" [1]
2022-06-23 16:27:39 URL:https://challenge.open-contracting.org/wp-content/uploads/2021/04/anastasiya-kozlovtseva-photo-scaled-e1610373916340-310x310.jpg [18855/18855] -> "challenge.open-contracting.org/wp-content/uploads/2021/04/anastasiya-kozlovtseva-photo-scaled-e1610373916340-310x310.jpg" [1]
2022-06-23 16:27:39 URL:https://challenge.open-contracting.org/wp-content/uploads/2021/04/ana-chirit%CC%A6a-strategic-projects-director-310x310.jpg [20444/20444] -> "challenge.open-contracting.org/wp-content/uploads/2021/04/ana-chirița-strategic-projects-director-310x310.jpg" [1]
2022-06-23 16:27:39 URL:https://challenge.open-contracting.org/wp-content/uploads/2021/04/moldova-minfin-e1618305621494.png [21210/21210] -> "challenge.open-contracting.org/wp-content/uploads/2021/04/moldova-minfin-e1618305621494.png" [1]
2022-06-23 16:27:39 URL:https://challenge.open-contracting.org/wp-content/uploads/2021/04/ogp_logo_rgb-e1558363106511-1024x878-1-e1618302381397.png [7679/7679] -> "challenge.open-contracting.org/wp-content/uploads/2021/04/ogp_logo_rgb-e1558363106511-1024x878-1-e1618302381397.png" [1]
2022-06-23 16:27:40 URL:https://challenge.open-contracting.org/wp-content/uploads/2021/04/ebrd-logo-final2-130x130.jpg [8188/8188] -> "challenge.open-contracting.org/wp-content/uploads/2021/04/ebrd-logo-final2-130x130.jpg" [1]
2022-06-23 16:27:40 URL:https://challenge.open-contracting.org/wp-content/uploads/2021/04/logo-kz-e1618305790765.png [22918/22918] -> "challenge.open-contracting.org/wp-content/uploads/2021/04/logo-kz-e1618305790765.png" [1]
2022-06-23 16:27:40 URL:https://challenge.open-contracting.org/wp-content/uploads/2021/04/logo-e1619701735161.png [25626/25626] -> "challenge.open-contracting.org/wp-content/uploads/2021/04/logo-e1619701735161.png" [1]
2022-06-23 16:27:40 URL:https://challenge.open-contracting.org/wp-content/uploads/2021/04/kssda-logo1-e1618305759461-200x104.jpg [6010/6010] -> "challenge.open-contracting.org/wp-content/uploads/2021/04/kssda-logo1-e1618305759461-200x104.jpg" [1]
2022-06-23 16:27:40 URL:https://challenge.open-contracting.org/wp-content/uploads/2021/04/usaid-157x130.jpg [11620/11620] -> "challenge.open-contracting.org/wp-content/uploads/2021/04/usaid-157x130.jpg" [1]
2022-06-23 16:27:40 URL:https://challenge.open-contracting.org/wp-content/uploads/2021/04/cef-183x130.jpg [10198/10198] -> "challenge.open-contracting.org/wp-content/uploads/2021/04/cef-183x130.jpg" [1]
2022-06-23 16:27:40 URL:https://challenge.open-contracting.org/wp-content/uploads/2021/04/risunok1-e1618305506706.jpg [3640/3640] -> "challenge.open-contracting.org/wp-content/uploads/2021/04/risunok1-e1618305506706.jpg" [1]
2022-06-23 16:27:40 URL:https://challenge.open-contracting.org/wp-content/uploads/2021/04/eurasia-1-e1618305456842.jpg [7967/7967] -> "challenge.open-contracting.org/wp-content/uploads/2021/04/eurasia-1-e1618305456842.jpg" [1]
2022-06-23 16:27:40 URL:https://challenge.open-contracting.org/wp-content/uploads/2021/04/2013_23_04__04_44_12__252-e1618304914359-186x130.jpg [5357/5357] -> "challenge.open-contracting.org/wp-content/uploads/2021/04/2013_23_04__04_44_12__252-e1618304914359-186x130.jpg" [1]
2022-06-23 16:27:40 URL:https://challenge.open-contracting.org/wp-content/uploads/2021/04/logo-fsk-e1618304927428-140x130.jpg [12334/12334] -> "challenge.open-contracting.org/wp-content/uploads/2021/04/logo-fsk-e1618304927428-140x130.jpg" [1]
2022-06-23 16:27:40 URL:https://challenge.open-contracting.org/wp-content/uploads/2021/04/fusionworks_logo_square-1.png [14341/14341] -> "challenge.open-contracting.org/wp-content/uploads/2021/04/fusionworks_logo_square-1.png" [1]
2022-06-23 16:27:40 URL:https://challenge.open-contracting.org/wp-content/uploads/2021/04/image_2020-12-07_21-01-04-1-200x82.jpg [6311/6311] -> "challenge.open-contracting.org/wp-content/uploads/2021/04/image_2020-12-07_21-01-04-1-200x82.jpg" [1]
2022-06-23 16:27:40 URL:https://challenge.open-contracting.org/wp-content/uploads/2021/04/htpkr_logo-png-e1619108099620.png [7182/7182] -> "challenge.open-contracting.org/wp-content/uploads/2021/04/htpkr_logo-png-e1619108099620.png" [1]
2022-06-23 16:27:40 URL:https://challenge.open-contracting.org/wp-content/uploads/2021/04/fintech2020-4-192x130.png [7364/7364] -> "challenge.open-contracting.org/wp-content/uploads/2021/04/fintech2020-4-192x130.png" [1]
2022-06-23 16:27:40 URL:https://challenge.open-contracting.org/wp-content/uploads/2021/04/tekwill_logo_secondary_color_versionwith-slogan-e1618930939734.png [16161/16161] -> "challenge.open-contracting.org/wp-content/uploads/2021/04/tekwill_logo_secondary_color_versionwith-slogan-e1618930939734.png" [1]
2022-06-23 16:27:41 URL:https://challenge.open-contracting.org/blog/privet-mir/ [24194] -> "challenge.open-contracting.org/blog/privet-mir/index.html" [1]
2022-06-23 16:27:41 URL:https://challenge.open-contracting.org/wp-content/uploads/2021/04/pexels-aleksandar-pasaric-325185-430x270.jpg [16227/16227] -> "challenge.open-contracting.org/wp-content/uploads/2021/04/pexels-aleksandar-pasaric-325185-430x270.jpg" [1]
2022-06-23 16:27:41 URL:https://challenge.open-contracting.org/wp-content/themes/hackathon/assets/fonts/GTEestiProDisplay-Light.otf [116280/116280] -> "challenge.open-contracting.org/wp-content/themes/hackathon/assets/fonts/GTEestiProDisplay-Light.otf" [1]
2022-06-23 16:27:41 URL:https://challenge.open-contracting.org/wp-content/themes/hackathon/assets/fonts/GTEestiProText-LightItalic.otf [131680/131680] -> "challenge.open-contracting.org/wp-content/themes/hackathon/assets/fonts/GTEestiProText-LightItalic.otf" [1]
2022-06-23 16:27:41 URL:https://challenge.open-contracting.org/wp-content/themes/hackathon/assets/fonts/GTEestiProDisplay-Regular.otf [113608/113608] -> "challenge.open-contracting.org/wp-content/themes/hackathon/assets/fonts/GTEestiProDisplay-Regular.otf" [1]
2022-06-23 16:27:41 URL:https://challenge.open-contracting.org/wp-content/themes/hackathon/assets/fonts/GTEestiProDisplay-Medium.otf [119304/119304] -> "challenge.open-contracting.org/wp-content/themes/hackathon/assets/fonts/GTEestiProDisplay-Medium.otf" [1]
2022-06-23 16:27:41 URL:https://challenge.open-contracting.org/wp-content/themes/hackathon/assets/fonts/GTEestiProDisplay-MediumItalic.otf [120092/120092] -> "challenge.open-contracting.org/wp-content/themes/hackathon/assets/fonts/GTEestiProDisplay-MediumItalic.otf" [1]
2022-06-23 16:27:41 URL:https://challenge.open-contracting.org/wp-content/themes/hackathon/assets/fonts/GTEestiProDisplay-Bold.otf [121416/121416] -> "challenge.open-contracting.org/wp-content/themes/hackathon/assets/fonts/GTEestiProDisplay-Bold.otf" [1]
2022-06-23 16:27:41 URL:https://challenge.open-contracting.org/wp-content/themes/hackathon/assets/fonts/GTEestiProDisplay-UltraBold.otf [119472/119472] -> "challenge.open-contracting.org/wp-content/themes/hackathon/assets/fonts/GTEestiProDisplay-UltraBold.otf" [1]
2022-06-23 16:27:41 URL:https://challenge.open-contracting.org/wp-content/themes/hackathon/assets/fonts/Montserrat-SemiBold.ttf [260936/260936] -> "challenge.open-contracting.org/wp-content/themes/hackathon/assets/fonts/Montserrat-SemiBold.ttf" [1]
https://challenge.open-contracting.org/wp-content/themes/hackathon/assets/fonts/icomoon.eot?7qjfhy:
2022-06-23 16:27:41 ERROR 404: Not Found.
https://challenge.open-contracting.org/wp-content/themes/hackathon/assets/fonts/icomoon.ttf?7qjfhy:
2022-06-23 16:27:41 ERROR 404: Not Found.
https://challenge.open-contracting.org/wp-content/themes/hackathon/assets/fonts/icomoon.woff?7qjfhy:
2022-06-23 16:27:41 ERROR 404: Not Found.
https://challenge.open-contracting.org/wp-content/themes/hackathon/assets/fonts/icomoon.svg?7qjfhy:
2022-06-23 16:27:41 ERROR 404: Not Found.
2022-06-23 16:27:41 URL:https://challenge.open-contracting.org/wp-content/themes/hackathon/assets/img/circles.svg [4320/4320] -> "challenge.open-contracting.org/wp-content/themes/hackathon/assets/img/circles.svg" [1]
2022-06-23 16:27:42 URL:https://challenge.open-contracting.org/wp-content/themes/hackathon/assets/img/about.svg [649/649] -> "challenge.open-contracting.org/wp-content/themes/hackathon/assets/img/about.svg" [1]
2022-06-23 16:27:42 URL:https://challenge.open-contracting.org/wp-content/themes/hackathon/assets/img/arrow-right.svg [474/474] -> "challenge.open-contracting.org/wp-content/themes/hackathon/assets/img/arrow-right.svg" [1]
2022-06-23 16:27:42 URL:https://challenge.open-contracting.org/wp-content/themes/hackathon/assets/img/objectives.svg [1168/1168] -> "challenge.open-contracting.org/wp-content/themes/hackathon/assets/img/objectives.svg" [1]
2022-06-23 16:27:42 URL:https://challenge.open-contracting.org/wp-content/themes/hackathon/assets/img/green-circle-full.svg [445/445] -> "challenge.open-contracting.org/wp-content/themes/hackathon/assets/img/green-circle-full.svg" [1]
2022-06-23 16:27:42 URL:https://challenge.open-contracting.org/wp-content/themes/hackathon/assets/img/part-cloud.svg [7503/7503] -> "challenge.open-contracting.org/wp-content/themes/hackathon/assets/img/part-cloud.svg" [1]
2022-06-23 16:27:42 URL:https://challenge.open-contracting.org/wp-content/themes/hackathon/assets/img/arrow-right_dark.svg [582/582] -> "challenge.open-contracting.org/wp-content/themes/hackathon/assets/img/arrow-right_dark.svg" [1]
2022-06-23 16:27:42 URL:https://challenge.open-contracting.org/wp-content/themes/hackathon/assets/img/eligibility.svg [2165/2165] -> "challenge.open-contracting.org/wp-content/themes/hackathon/assets/img/eligibility.svg" [1]
2022-06-23 16:27:42 URL:https://challenge.open-contracting.org/wp-content/themes/hackathon/assets/img/round-check.svg [8892/8892] -> "challenge.open-contracting.org/wp-content/themes/hackathon/assets/img/round-check.svg" [1]
2022-06-23 16:27:42 URL:https://challenge.open-contracting.org/wp-content/themes/hackathon/assets/img/proposal.svg [24694/24694] -> "challenge.open-contracting.org/wp-content/themes/hackathon/assets/img/proposal.svg" [1]
2022-06-23 16:27:42 URL:https://challenge.open-contracting.org/wp-content/themes/hackathon/assets/img/arrow-right_green.svg [582/582] -> "challenge.open-contracting.org/wp-content/themes/hackathon/assets/img/arrow-right_green.svg" [1]
2022-06-23 16:27:42 URL:https://challenge.open-contracting.org/wp-content/themes/hackathon/assets/img/calendar.svg [2891/2891] -> "challenge.open-contracting.org/wp-content/themes/hackathon/assets/img/calendar.svg" [1]
2022-06-23 16:27:42 URL:https://challenge.open-contracting.org/wp-content/themes/hackathon/assets/img/kind.svg [59292/59292] -> "challenge.open-contracting.org/wp-content/themes/hackathon/assets/img/kind.svg" [1]
2022-06-23 16:27:42 URL:https://challenge.open-contracting.org/wp-content/themes/hackathon/assets/img/bg_white.jpg [10365/10365] -> "challenge.open-contracting.org/wp-content/themes/hackathon/assets/img/bg_white.jpg" [1]
2022-06-23 16:27:42 URL:https://challenge.open-contracting.org/en/wp-includes/css/dist/block-library/style.min.css?ver=6.0 [88870/88870] -> "challenge.open-contracting.org/en/wp-includes/css/dist/block-library/style.min.css?ver=6.0.css" [1]
2022-06-23 16:27:42 URL:https://challenge.open-contracting.org/en/wp-content/themes/hackathon/assets/css/main.min.css?ver=6.0 [41970/41970] -> "challenge.open-contracting.org/en/wp-content/themes/hackathon/assets/css/main.min.css?ver=6.0.css" [1]
2022-06-23 16:27:42 URL:https://challenge.open-contracting.org/en/wp-content/themes/hackathon/assets/js/min/front.bundle.js?ver=1 [138968/138968] -> "challenge.open-contracting.org/en/wp-content/themes/hackathon/assets/js/min/front.bundle.js?ver=1" [1]
2022-06-23 16:27:43 URL:https://challenge.open-contracting.org/en/wp-json/ [162899] -> "challenge.open-contracting.org/en/wp-json/index.html" [1]
2022-06-23 16:27:43 URL:https://challenge.open-contracting.org/en/wp-json/wp/v2/pages/24 [1579] -> "challenge.open-contracting.org/en/wp-json/wp/v2/pages/24" [1]
2022-06-23 16:27:43 URL:https://challenge.open-contracting.org/en/wp-json/oembed/1.0/embed?url=https%3A%2F%2Fchallenge.open-contracting.org%2Fen%2F [2467] -> "challenge.open-contracting.org/en/wp-json/oembed/1.0/embed?url=https:%2F%2Fchallenge.open-contracting.org%2Fen%2F" [1]
2022-06-23 16:27:43 URL:https://challenge.open-contracting.org/en/wp-json/oembed/1.0/embed?url=https%3A%2F%2Fchallenge.open-contracting.org%2Fen%2F&format=xml [2535] -> "challenge.open-contracting.org/en/wp-json/oembed/1.0/embed?url=https:%2F%2Fchallenge.open-contracting.org%2Fen%2F&format=xml" [1]
2022-06-23 16:27:43 URL:https://challenge.open-contracting.org/en/wp-content/uploads/sites/4/2021/04/cropped-ocp-favicon-2-32x32.png [837/837] -> "challenge.open-contracting.org/en/wp-content/uploads/sites/4/2021/04/cropped-ocp-favicon-2-32x32.png" [1]
2022-06-23 16:27:43 URL:https://challenge.open-contracting.org/en/wp-content/uploads/sites/4/2021/04/cropped-ocp-favicon-2-192x192.png [9226/9226] -> "challenge.open-contracting.org/en/wp-content/uploads/sites/4/2021/04/cropped-ocp-favicon-2-192x192.png" [1]
2022-06-23 16:27:43 URL:https://challenge.open-contracting.org/en/wp-content/uploads/sites/4/2021/04/cropped-ocp-favicon-2-180x180.png [8201/8201] -> "challenge.open-contracting.org/en/wp-content/uploads/sites/4/2021/04/cropped-ocp-favicon-2-180x180.png" [1]
2022-06-23 16:27:43 URL:https://challenge.open-contracting.org/en/wp-content/themes/hackathon/assets/img/logo.svg [4899/4899] -> "challenge.open-contracting.org/en/wp-content/themes/hackathon/assets/img/logo.svg" [1]
2022-06-23 16:27:43 URL:https://challenge.open-contracting.org/en/programm/ [22140] -> "challenge.open-contracting.org/en/programm/index.html" [1]
2022-06-23 16:27:44 URL:https://challenge.open-contracting.org/en/faq/ [28589] -> "challenge.open-contracting.org/en/faq/index.html" [1]
2022-06-23 16:27:44 URL:https://challenge.open-contracting.org/en/what-kind-of-projects-might-inspire-you-to-apply-for-the-innovation-challenge/ [23861] -> "challenge.open-contracting.org/en/what-kind-of-projects-might-inspire-you-to-apply-for-the-innovation-challenge/index.html" [1]
2022-06-23 16:27:44 URL:https://challenge.open-contracting.org/en/wp-content/themes/hackathon/assets/img/green-circle.svg [502/502] -> "challenge.open-contracting.org/en/wp-content/themes/hackathon/assets/img/green-circle.svg" [1]
2022-06-23 16:27:44 URL:https://challenge.open-contracting.org/en/wp-content/uploads/sites/4/2021/04/moldova.svg [50905/50905] -> "challenge.open-contracting.org/en/wp-content/uploads/sites/4/2021/04/moldova.svg" [1]
2022-06-23 16:27:44 URL:https://challenge.open-contracting.org/en/wp-content/uploads/sites/4/2021/04/kazakh.svg [57745/57745] -> "challenge.open-contracting.org/en/wp-content/uploads/sites/4/2021/04/kazakh.svg" [1]
2022-06-23 16:27:44 URL:https://challenge.open-contracting.org/en/wp-content/uploads/sites/4/2021/04/kyrgyz.svg [43983/43983] -> "challenge.open-contracting.org/en/wp-content/uploads/sites/4/2021/04/kyrgyz.svg" [1]
2022-06-23 16:27:44 URL:https://challenge.open-contracting.org/en/wp-content/themes/hackathon/assets/img/objectives-circle.svg [376/376] -> "challenge.open-contracting.org/en/wp-content/themes/hackathon/assets/img/objectives-circle.svg" [1]
2022-06-23 16:27:44 URL:https://challenge.open-contracting.org/en/wp-content/themes/hackathon/assets/img/objectives-dots-cloud.svg [9363/9363] -> "challenge.open-contracting.org/en/wp-content/themes/hackathon/assets/img/objectives-dots-cloud.svg" [1]
2022-06-23 16:27:44 URL:https://challenge.open-contracting.org/en/wp-content/themes/hackathon/assets/img/objectives-gears.svg [12815/12815] -> "challenge.open-contracting.org/en/wp-content/themes/hackathon/assets/img/objectives-gears.svg" [1]
2022-06-23 16:27:44 URL:https://challenge.open-contracting.org/en/wp-content/themes/hackathon/assets/img/objectives-circle2.svg [331/331] -> "challenge.open-contracting.org/en/wp-content/themes/hackathon/assets/img/objectives-circle2.svg" [1]
2022-06-23 16:27:44 URL:https://challenge.open-contracting.org/en/wp-content/uploads/sites/4/2021/04/part1.svg [1407/1407] -> "challenge.open-contracting.org/en/wp-content/uploads/sites/4/2021/04/part1.svg" [1]
2022-06-23 16:27:44 URL:https://challenge.open-contracting.org/en/wp-content/uploads/sites/4/2021/04/part2.svg [2490/2490] -> "challenge.open-contracting.org/en/wp-content/uploads/sites/4/2021/04/part2.svg" [1]
2022-06-23 16:27:44 URL:https://challenge.open-contracting.org/en/wp-content/uploads/sites/4/2021/04/part3.svg [2936/2936] -> "challenge.open-contracting.org/en/wp-content/uploads/sites/4/2021/04/part3.svg" [1]
2022-06-23 16:27:45 URL:https://challenge.open-contracting.org/en/wp-content/uploads/sites/4/2021/04/part4.svg [2605/2605] -> "challenge.open-contracting.org/en/wp-content/uploads/sites/4/2021/04/part4.svg" [1]
2022-06-23 16:27:45 URL:https://challenge.open-contracting.org/en/wp-content/uploads/sites/4/2021/04/part5.svg [3774/3774] -> "challenge.open-contracting.org/en/wp-content/uploads/sites/4/2021/04/part5.svg" [1]
2022-06-23 16:27:45 URL:https://challenge.open-contracting.org/en/wp-content/uploads/sites/4/2021/04/part6.svg [2369/2369] -> "challenge.open-contracting.org/en/wp-content/uploads/sites/4/2021/04/part6.svg" [1]
2022-06-23 16:27:45 URL:https://challenge.open-contracting.org/en/wp-content/uploads/sites/4/2021/04/part7.svg [1800/1800] -> "challenge.open-contracting.org/en/wp-content/uploads/sites/4/2021/04/part7.svg" [1]
2022-06-23 16:27:45 URL:https://challenge.open-contracting.org/en/wp-content/themes/hackathon/assets/img/who-circle.svg [658/658] -> "challenge.open-contracting.org/en/wp-content/themes/hackathon/assets/img/who-circle.svg" [1]
2022-06-23 16:27:45 URL:https://challenge.open-contracting.org/en/wp-content/themes/hackathon/assets/img/monitor.png [545736/545736] -> "challenge.open-contracting.org/en/wp-content/themes/hackathon/assets/img/monitor.png" [1]
2022-06-23 16:27:45 URL:https://challenge.open-contracting.org/en/wp-content/themes/hackathon/assets/img/eligibility-circle.svg [390/390] -> "challenge.open-contracting.org/en/wp-content/themes/hackathon/assets/img/eligibility-circle.svg" [1]
2022-06-23 16:27:46 URL:https://challenge.open-contracting.org/en/eligibility-criteria/ [20747] -> "challenge.open-contracting.org/en/eligibility-criteria/index.html" [1]
2022-06-23 16:27:46 URL:https://challenge.open-contracting.org/en/judging-criteria-phase-1/ [20867] -> "challenge.open-contracting.org/en/judging-criteria-phase-1/index.html" [1]
2022-06-23 16:27:46 URL:https://challenge.open-contracting.org/en/application-questions-round-2/ [22881] -> "challenge.open-contracting.org/en/application-questions-round-2/index.html" [1]
2022-06-23 16:27:46 URL:https://challenge.open-contracting.org/en/judging-criteria-phase-2/ [21540] -> "challenge.open-contracting.org/en/judging-criteria-phase-2/index.html" [1]
2022-06-23 16:27:46 URL:https://challenge.open-contracting.org/en/wp-content/themes/hackathon/assets/img/schedule.svg [2535/2535] -> "challenge.open-contracting.org/en/wp-content/themes/hackathon/assets/img/schedule.svg" [1]
2022-06-23 16:27:46 URL:https://challenge.open-contracting.org/en/wp-content/uploads/sites/4/2021/04/fund1.svg [11776/11776] -> "challenge.open-contracting.org/en/wp-content/uploads/sites/4/2021/04/fund1.svg" [1]
2022-06-23 16:27:46 URL:https://challenge.open-contracting.org/en/wp-content/uploads/sites/4/2021/04/fund2.svg [12136/12136] -> "challenge.open-contracting.org/en/wp-content/uploads/sites/4/2021/04/fund2.svg" [1]
2022-06-23 16:27:46 URL:https://challenge.open-contracting.org/en/wp-content/uploads/sites/4/2021/04/fund3.svg [11166/11166] -> "challenge.open-contracting.org/en/wp-content/uploads/sites/4/2021/04/fund3.svg" [1]
2022-06-23 16:27:46 URL:https://challenge.open-contracting.org/en/wp-content/uploads/sites/4/2021/04/fund4.svg [11294/11294] -> "challenge.open-contracting.org/en/wp-content/uploads/sites/4/2021/04/fund4.svg" [1]
2022-06-23 16:27:47 URL:https://challenge.open-contracting.org/en/wp-content/themes/hackathon/assets/img/fund-cross.svg [10488/10488] -> "challenge.open-contracting.org/en/wp-content/themes/hackathon/assets/img/fund-cross.svg" [1]
2022-06-23 16:27:47 URL:https://challenge.open-contracting.org/en/team/it-win/ [17242] -> "challenge.open-contracting.org/en/team/it-win/index.html" [1]
2022-06-23 16:27:47 URL:https://challenge.open-contracting.org/en/wp-content/uploads/sites/4/2021/07/itwin-300x300.jpg [19611/19611] -> "challenge.open-contracting.org/en/wp-content/uploads/sites/4/2021/07/itwin-300x300.jpg" [1]
2022-06-23 16:27:47 URL:https://challenge.open-contracting.org/en/team/burkitvis/ [17301] -> "challenge.open-contracting.org/en/team/burkitvis/index.html" [1]
2022-06-23 16:27:47 URL:https://challenge.open-contracting.org/en/wp-content/uploads/sites/4/2021/07/burkit-300x300.jpg [13403/13403] -> "challenge.open-contracting.org/en/wp-content/uploads/sites/4/2021/07/burkit-300x300.jpg" [1]
2022-06-23 16:27:47 URL:https://challenge.open-contracting.org/en/team/opentender-kz/ [17420] -> "challenge.open-contracting.org/en/team/opentender-kz/index.html" [1]
2022-06-23 16:27:47 URL:https://challenge.open-contracting.org/en/wp-content/uploads/sites/4/2021/07/opentender.kz_-300x300.jpg [16931/16931] -> "challenge.open-contracting.org/en/wp-content/uploads/sites/4/2021/07/opentender.kz_-300x300.jpg" [1]
2022-06-23 16:27:47 URL:https://challenge.open-contracting.org/en/team/ager/ [17480] -> "challenge.open-contracting.org/en/team/ager/index.html" [1]
2022-06-23 16:27:47 URL:https://challenge.open-contracting.org/en/wp-content/uploads/sites/4/2021/07/ager-300x300.jpg [18965/18965] -> "challenge.open-contracting.org/en/wp-content/uploads/sites/4/2021/07/ager-300x300.jpg" [1]
2022-06-23 16:27:48 URL:https://challenge.open-contracting.org/en/team/kloop-media/ [17419] -> "challenge.open-contracting.org/en/team/kloop-media/index.html" [1]
2022-06-23 16:27:48 URL:https://challenge.open-contracting.org/en/wp-content/uploads/sites/4/2021/07/kloop-300x300.jpg [20002/20002] -> "challenge.open-contracting.org/en/wp-content/uploads/sites/4/2021/07/kloop-300x300.jpg" [1]
2022-06-23 16:27:48 URL:https://challenge.open-contracting.org/en/team/innovation-challenge-team-3/ [17642] -> "challenge.open-contracting.org/en/team/innovation-challenge-team-3/index.html" [1]
2022-06-23 16:27:48 URL:https://challenge.open-contracting.org/en/wp-content/uploads/sites/4/2021/04/positive-initiative-300x300.jpg [16599/16599] -> "challenge.open-contracting.org/en/wp-content/uploads/sites/4/2021/04/positive-initiative-300x300.jpg" [1]
2022-06-23 16:27:48 URL:https://challenge.open-contracting.org/en/team/innovation-challenge-team-2/ [17345] -> "challenge.open-contracting.org/en/team/innovation-challenge-team-2/index.html" [1]
2022-06-23 16:27:48 URL:https://challenge.open-contracting.org/en/wp-content/uploads/sites/4/2021/04/baa-300x300.jpg [25946/25946] -> "challenge.open-contracting.org/en/wp-content/uploads/sites/4/2021/04/baa-300x300.jpg" [1]
2022-06-23 16:27:48 URL:https://challenge.open-contracting.org/en/team/innovation-challenge-team/ [17438] -> "challenge.open-contracting.org/en/team/innovation-challenge-team/index.html" [1]
2022-06-23 16:27:48 URL:https://challenge.open-contracting.org/en/wp-content/uploads/sites/4/2021/04/datanomix-300x300.jpg [15282/15282] -> "challenge.open-contracting.org/en/wp-content/uploads/sites/4/2021/04/datanomix-300x300.jpg" [1]
2022-06-23 16:27:48 URL:https://challenge.open-contracting.org/en/wp-content/uploads/sites/4/2021/06/photo_2021-06-03_11-32-59-310x310.jpg [19151/19151] -> "challenge.open-contracting.org/en/wp-content/uploads/sites/4/2021/06/photo_2021-06-03_11-32-59-310x310.jpg" [1]
2022-06-23 16:27:48 URL:https://challenge.open-contracting.org/en/wp-content/uploads/sites/4/2021/05/yahiya-edited-310x310.jpg [17049/17049] -> "challenge.open-contracting.org/en/wp-content/uploads/sites/4/2021/05/yahiya-edited-310x310.jpg" [1]
2022-06-23 16:27:48 URL:https://challenge.open-contracting.org/en/wp-content/uploads/sites/4/2021/05/oa1_7846-310x310.jpeg [51842/51842] -> "challenge.open-contracting.org/en/wp-content/uploads/sites/4/2021/05/oa1_7846-310x310.jpeg" [1]
2022-06-23 16:27:49 URL:https://challenge.open-contracting.org/en/wp-content/uploads/sites/4/2021/04/askar2-310x310.png [89436/89436] -> "challenge.open-contracting.org/en/wp-content/uploads/sites/4/2021/04/askar2-310x310.png" [1]
2022-06-23 16:27:49 URL:https://challenge.open-contracting.org/en/wp-content/uploads/sites/4/2021/04/azis-310x310.png [201494/201494] -> "challenge.open-contracting.org/en/wp-content/uploads/sites/4/2021/04/azis-310x310.png" [1]
2022-06-23 16:27:49 URL:https://challenge.open-contracting.org/en/wp-content/uploads/sites/4/2021/04/shamil.png [79400/79400] -> "challenge.open-contracting.org/en/wp-content/uploads/sites/4/2021/04/shamil.png" [1]
2022-06-23 16:27:49 URL:https://challenge.open-contracting.org/en/wp-content/uploads/sites/4/2021/04/volodymyr-tarnay.jpg [11741/11741] -> "challenge.open-contracting.org/en/wp-content/uploads/sites/4/2021/04/volodymyr-tarnay.jpg" [1]
2022-06-23 16:27:49 URL:https://challenge.open-contracting.org/en/wp-content/uploads/sites/4/2021/04/dinara2-310x310.png [82598/82598] -> "challenge.open-contracting.org/en/wp-content/uploads/sites/4/2021/04/dinara2-310x310.png" [1]
2022-06-23 16:27:49 URL:https://challenge.open-contracting.org/en/wp-content/uploads/sites/4/2021/04/anastasiya-kozlovtseva-photo-scaled-e1610373916340-1-310x310.jpg [18855/18855] -> "challenge.open-contracting.org/en/wp-content/uploads/sites/4/2021/04/anastasiya-kozlovtseva-photo-scaled-e1610373916340-1-310x310.jpg" [1]
2022-06-23 16:27:49 URL:https://challenge.open-contracting.org/en/wp-content/uploads/sites/4/2021/04/dsc4266-1-310x310.jpg [21875/21875] -> "challenge.open-contracting.org/en/wp-content/uploads/sites/4/2021/04/dsc4266-1-310x310.jpg" [1]
2022-06-23 16:27:49 URL:https://challenge.open-contracting.org/en/wp-content/uploads/sites/4/2021/04/nurida-310x310.jpg [27773/27773] -> "challenge.open-contracting.org/en/wp-content/uploads/sites/4/2021/04/nurida-310x310.jpg" [1]
2022-06-23 16:27:49 URL:https://challenge.open-contracting.org/en/wp-content/uploads/sites/4/2021/04/netulia-310x310.png [149693/149693] -> "challenge.open-contracting.org/en/wp-content/uploads/sites/4/2021/04/netulia-310x310.png" [1]
2022-06-23 16:27:49 URL:https://challenge.open-contracting.org/en/wp-content/uploads/sites/4/2021/04/ana-chirit%CC%A6a-strategic-projects-director-310x310.jpg [20444/20444] -> "challenge.open-contracting.org/en/wp-content/uploads/sites/4/2021/04/ana-chirița-strategic-projects-director-310x310.jpg" [1]
2022-06-23 16:27:49 URL:https://challenge.open-contracting.org/en/wp-content/uploads/sites/4/2021/04/3614985-e1618384694828.jpg [9025/9025] -> "challenge.open-contracting.org/en/wp-content/uploads/sites/4/2021/04/3614985-e1618384694828.jpg" [1]
2022-06-23 16:27:49 URL:https://challenge.open-contracting.org/en/wp-content/uploads/sites/4/2021/04/ogp_logo_rgb-e1558363106511-1024x878-1-e1618384706402.png [7738/7738] -> "challenge.open-contracting.org/en/wp-content/uploads/sites/4/2021/04/ogp_logo_rgb-e1558363106511-1024x878-1-e1618384706402.png" [1]
2022-06-23 16:27:49 URL:https://challenge.open-contracting.org/en/wp-content/uploads/sites/4/2021/04/ebrd-logo-final-130x130.jpg [4531/4531] -> "challenge.open-contracting.org/en/wp-content/uploads/sites/4/2021/04/ebrd-logo-final-130x130.jpg" [1]
2022-06-23 16:27:49 URL:https://challenge.open-contracting.org/en/wp-content/uploads/sites/4/2021/04/emblem_of_kazakhstan.svg-e1618384722699.png [23954/23954] -> "challenge.open-contracting.org/en/wp-content/uploads/sites/4/2021/04/emblem_of_kazakhstan.svg-e1618384722699.png" [1]
2022-06-23 16:27:49 URL:https://challenge.open-contracting.org/en/wp-content/uploads/sites/4/2021/04/logo-e1619701856979.png [25626/25626] -> "challenge.open-contracting.org/en/wp-content/uploads/sites/4/2021/04/logo-e1619701856979.png" [1]
2022-06-23 16:27:50 URL:https://challenge.open-contracting.org/en/wp-content/uploads/sites/4/2021/04/eurasia-e1618384894814.jpg [7967/7967] -> "challenge.open-contracting.org/en/wp-content/uploads/sites/4/2021/04/eurasia-e1618384894814.jpg" [1]
2022-06-23 16:27:50 URL:https://challenge.open-contracting.org/en/wp-content/uploads/sites/4/2021/04/vertical_rgb_294-e1618384907301.jpg [3596/3596] -> "challenge.open-contracting.org/en/wp-content/uploads/sites/4/2021/04/vertical_rgb_294-e1618384907301.jpg" [1]
2022-06-23 16:27:50 URL:https://challenge.open-contracting.org/en/wp-content/uploads/sites/4/2021/04/1569822346_97b19c834c990d1b48fcd9538947cf09-e1618384792841.jpg [4582/4582] -> "challenge.open-contracting.org/en/wp-content/uploads/sites/4/2021/04/1569822346_97b19c834c990d1b48fcd9538947cf09-e1618384792841.jpg" [1]
2022-06-23 16:27:50 URL:https://challenge.open-contracting.org/en/wp-content/uploads/sites/4/2021/04/risunok1-e1618384803343.jpg [3841/3841] -> "challenge.open-contracting.org/en/wp-content/uploads/sites/4/2021/04/risunok1-e1618384803343.jpg" [1]
2022-06-23 16:27:50 URL:https://challenge.open-contracting.org/en/wp-content/uploads/sites/4/2021/04/kssda-logo1-1-e1618385046646-200x115.jpg [5774/5774] -> "challenge.open-contracting.org/en/wp-content/uploads/sites/4/2021/04/kssda-logo1-1-e1618385046646-200x115.jpg" [1]
2022-06-23 16:27:50 URL:https://challenge.open-contracting.org/en/wp-content/uploads/sites/4/2021/04/2013_23_04__04_44_12__252-e1618384828857.jpg [4625/4625] -> "challenge.open-contracting.org/en/wp-content/uploads/sites/4/2021/04/2013_23_04__04_44_12__252-e1618384828857.jpg" [1]
2022-06-23 16:27:50 URL:https://challenge.open-contracting.org/en/wp-content/uploads/sites/4/2021/04/logo-fsk-e1618384841217.jpg [11271/11271] -> "challenge.open-contracting.org/en/wp-content/uploads/sites/4/2021/04/logo-fsk-e1618384841217.jpg" [1]
2022-06-23 16:27:50 URL:https://challenge.open-contracting.org/en/wp-content/uploads/sites/4/2021/04/fusionworks_logo_square-e1618384851489.png [9230/9230] -> "challenge.open-contracting.org/en/wp-content/uploads/sites/4/2021/04/fusionworks_logo_square-e1618384851489.png" [1]
2022-06-23 16:27:50 URL:https://challenge.open-contracting.org/en/wp-content/uploads/sites/4/2021/04/image_2020-12-07_21-01-04-4-200x82.jpg [6311/6311] -> "challenge.open-contracting.org/en/wp-content/uploads/sites/4/2021/04/image_2020-12-07_21-01-04-4-200x82.jpg" [1]
2022-06-23 16:27:50 URL:https://challenge.open-contracting.org/en/wp-content/uploads/sites/4/2021/04/htpkr_logo-png-e1619108191534.png [7182/7182] -> "challenge.open-contracting.org/en/wp-content/uploads/sites/4/2021/04/htpkr_logo-png-e1619108191534.png" [1]
2022-06-23 16:27:50 URL:https://challenge.open-contracting.org/en/wp-content/uploads/sites/4/2021/04/fintech2020-192x130.png [7364/7364] -> "challenge.open-contracting.org/en/wp-content/uploads/sites/4/2021/04/fintech2020-192x130.png" [1]
2022-06-23 16:27:50 URL:https://challenge.open-contracting.org/en/wp-content/uploads/sites/4/2021/04/tekwill_logo_secondary_color_versionwith-slogan-e1618931104404.png [16161/16161] -> "challenge.open-contracting.org/en/wp-content/uploads/sites/4/2021/04/tekwill_logo_secondary_color_versionwith-slogan-e1618931104404.png" [1]
2022-06-23 16:27:50 URL:https://challenge.open-contracting.org/en/privet-mir-2/ [22581] -> "challenge.open-contracting.org/en/privet-mir-2/index.html" [1]
2022-06-23 16:27:50 URL:https://challenge.open-contracting.org/en/wp-content/uploads/sites/4/2021/04/pexels-aleksandar-pasaric-325185-430x270.jpg [18002/18002] -> "challenge.open-contracting.org/en/wp-content/uploads/sites/4/2021/04/pexels-aleksandar-pasaric-325185-430x270.jpg" [1]
2022-06-23 16:27:51 URL:https://challenge.open-contracting.org/wp-json/wp/v2/pages/135 [14013] -> "challenge.open-contracting.org/wp-json/wp/v2/pages/135" [1]
2022-06-23 16:27:51 URL:https://challenge.open-contracting.org/programm/ [23177] -> "challenge.open-contracting.org/index.html?p=135.html" [1]
2022-06-23 16:27:51 URL:https://challenge.open-contracting.org/wp-json/oembed/1.0/embed?url=https%3A%2F%2Fchallenge.open-contracting.org%2Fprogramm%2F [2601] -> "challenge.open-contracting.org/wp-json/oembed/1.0/embed?url=https:%2F%2Fchallenge.open-contracting.org%2Fprogramm%2F" [1]
2022-06-23 16:27:51 URL:https://challenge.open-contracting.org/wp-json/oembed/1.0/embed?url=https%3A%2F%2Fchallenge.open-contracting.org%2Fprogramm%2F&format=xml [2695] -> "challenge.open-contracting.org/wp-json/oembed/1.0/embed?url=https:%2F%2Fchallenge.open-contracting.org%2Fprogramm%2F&format=xml" [1]
2022-06-23 16:27:51 URL:https://challenge.open-contracting.org/wp-json/wp/v2/pages/137 [55558] -> "challenge.open-contracting.org/wp-json/wp/v2/pages/137" [1]
2022-06-23 16:27:52 URL:https://challenge.open-contracting.org/faq/ [37581] -> "challenge.open-contracting.org/index.html?p=137.html" [1]
2022-06-23 16:27:52 URL:https://challenge.open-contracting.org/wp-json/oembed/1.0/embed?url=https%3A%2F%2Fchallenge.open-contracting.org%2Ffaq%2F [2831] -> "challenge.open-contracting.org/wp-json/oembed/1.0/embed?url=https:%2F%2Fchallenge.open-contracting.org%2Ffaq%2F" [1]
2022-06-23 16:27:52 URL:https://challenge.open-contracting.org/wp-json/oembed/1.0/embed?url=https%3A%2F%2Fchallenge.open-contracting.org%2Ffaq%2F&format=xml [2964] -> "challenge.open-contracting.org/wp-json/oembed/1.0/embed?url=https:%2F%2Fchallenge.open-contracting.org%2Ffaq%2F&format=xml" [1]
2022-06-23 16:27:52 URL:https://challenge.open-contracting.org/wp-json/wp/v2/pages/148 [2328] -> "challenge.open-contracting.org/wp-json/wp/v2/pages/148" [1]
2022-06-23 16:27:53 URL:https://challenge.open-contracting.org/what-kind-of-projects-might-inspire-you-to-apply-for-the-innovation-challenge/ [29034] -> "challenge.open-contracting.org/index.html?p=148.html" [1]
2022-06-23 16:27:53 URL:https://challenge.open-contracting.org/wp-json/oembed/1.0/embed?url=https%3A%2F%2Fchallenge.open-contracting.org%2Fwhat-kind-of-projects-might-inspire-you-to-apply-for-the-innovation-challenge%2F [3069] -> "challenge.open-contracting.org/wp-json/oembed/1.0/embed?url=https:%2F%2Fchallenge.open-contracting.org%2Fwhat-kind-of-projects-might-inspire-you-to-apply-for-the-innovation-challenge%2F" [1]
2022-06-23 16:27:53 URL:https://challenge.open-contracting.org/wp-json/oembed/1.0/embed?url=https%3A%2F%2Fchallenge.open-contracting.org%2Fwhat-kind-of-projects-might-inspire-you-to-apply-for-the-innovation-challenge%2F&format=xml [3217] -> "challenge.open-contracting.org/wp-json/oembed/1.0/embed?url=https:%2F%2Fchallenge.open-contracting.org%2Fwhat-kind-of-projects-might-inspire-you-to-apply-for-the-innovation-challenge%2F&format=xml" [1]
2022-06-23 16:27:53 URL:https://challenge.open-contracting.org/wp-content/uploads/2021/04/1.png [2747/2747] -> "challenge.open-contracting.org/wp-content/uploads/2021/04/1.png" [1]
2022-06-23 16:27:53 URL:https://challenge.open-contracting.org/wp-content/uploads/2021/04/3.png [6648/6648] -> "challenge.open-contracting.org/wp-content/uploads/2021/04/3.png" [1]
2022-06-23 16:27:53 URL:https://challenge.open-contracting.org/wp-content/uploads/2021/04/4.png [3193/3193] -> "challenge.open-contracting.org/wp-content/uploads/2021/04/4.png" [1]
2022-06-23 16:27:53 URL:https://challenge.open-contracting.org/wp-content/uploads/2021/04/5.png [4353/4353] -> "challenge.open-contracting.org/wp-content/uploads/2021/04/5.png" [1]
2022-06-23 16:27:53 URL:https://challenge.open-contracting.org/wp-content/uploads/2021/04/6.png [2727/2727] -> "challenge.open-contracting.org/wp-content/uploads/2021/04/6.png" [1]
2022-06-23 16:27:53 URL:https://challenge.open-contracting.org/wp-content/uploads/2021/04/2.png [3792/3792] -> "challenge.open-contracting.org/wp-content/uploads/2021/04/2.png" [1]
2022-06-23 16:27:54 URL:https://challenge.open-contracting.org/wp-content/uploads/2021/04/7.png [1535/1535] -> "challenge.open-contracting.org/wp-content/uploads/2021/04/7.png" [1]
2022-06-23 16:27:54 URL:https://challenge.open-contracting.org/wp-content/uploads/2021/04/8.png [1686/1686] -> "challenge.open-contracting.org/wp-content/uploads/2021/04/8.png" [1]
2022-06-23 16:27:54 URL:https://challenge.open-contracting.org/wp-content/uploads/2021/04/9.png [4669/4669] -> "challenge.open-contracting.org/wp-content/uploads/2021/04/9.png" [1]
2022-06-23 16:27:54 URL:https://challenge.open-contracting.org/wp-json/wp/v2/pages/270 [21380] -> "challenge.open-contracting.org/wp-json/wp/v2/pages/270" [1]
2022-06-23 16:27:54 URL:https://challenge.open-contracting.org/kriterii-uchastiya/ [23644] -> "challenge.open-contracting.org/index.html?p=270.html" [1]
2022-06-23 16:27:54 URL:https://challenge.open-contracting.org/wp-json/oembed/1.0/embed?url=https%3A%2F%2Fchallenge.open-contracting.org%2Fkriterii-uchastiya%2F [2732] -> "challenge.open-contracting.org/wp-json/oembed/1.0/embed?url=https:%2F%2Fchallenge.open-contracting.org%2Fkriterii-uchastiya%2F" [1]
2022-06-23 16:27:55 URL:https://challenge.open-contracting.org/wp-json/oembed/1.0/embed?url=https%3A%2F%2Fchallenge.open-contracting.org%2Fkriterii-uchastiya%2F&format=xml [2844] -> "challenge.open-contracting.org/wp-json/oembed/1.0/embed?url=https:%2F%2Fchallenge.open-contracting.org%2Fkriterii-uchastiya%2F&format=xml" [1]
2022-06-23 16:27:55 URL:https://challenge.open-contracting.org/wp-json/wp/v2/pages/294 [23210] -> "challenge.open-contracting.org/wp-json/wp/v2/pages/294" [1]
2022-06-23 16:27:55 URL:https://challenge.open-contracting.org/kriterii-otbora/ [24431] -> "challenge.open-contracting.org/index.html?p=294.html" [1]
2022-06-23 16:27:55 URL:https://challenge.open-contracting.org/wp-json/oembed/1.0/embed?url=https%3A%2F%2Fchallenge.open-contracting.org%2Fkriterii-otbora%2F [2987] -> "challenge.open-contracting.org/wp-json/oembed/1.0/embed?url=https:%2F%2Fchallenge.open-contracting.org%2Fkriterii-otbora%2F" [1]
2022-06-23 16:27:55 URL:https://challenge.open-contracting.org/wp-json/oembed/1.0/embed?url=https%3A%2F%2Fchallenge.open-contracting.org%2Fkriterii-otbora%2F&format=xml [3141] -> "challenge.open-contracting.org/wp-json/oembed/1.0/embed?url=https:%2F%2Fchallenge.open-contracting.org%2Fkriterii-otbora%2F&format=xml" [1]
2022-06-23 16:27:55 URL:https://challenge.open-contracting.org/wp-json/wp/v2/pages/349 [32307] -> "challenge.open-contracting.org/wp-json/wp/v2/pages/349" [1]
2022-06-23 16:27:56 URL:https://challenge.open-contracting.org/orientirovochnye-voprosy-dlya-zayavki-na-vtoroj-raund-chellendzha/ [27903] -> "challenge.open-contracting.org/index.html?p=349.html" [1]
2022-06-23 16:27:56 URL:https://challenge.open-contracting.org/wp-json/oembed/1.0/embed?url=https%3A%2F%2Fchallenge.open-contracting.org%2Forientirovochnye-voprosy-dlya-zayavki-na-vtoroj-raund-chellendzha%2F [3528] -> "challenge.open-contracting.org/wp-json/oembed/1.0/embed?url=https:%2F%2Fchallenge.open-contracting.org%2Forientirovochnye-voprosy-dlya-zayavki-na-vtoroj-raund-chellendzha%2F" [1]
2022-06-23 16:27:56 URL:https://challenge.open-contracting.org/wp-json/oembed/1.0/embed?url=https%3A%2F%2Fchallenge.open-contracting.org%2Forientirovochnye-voprosy-dlya-zayavki-na-vtoroj-raund-chellendzha%2F&format=xml [3754] -> "challenge.open-contracting.org/wp-json/oembed/1.0/embed?url=https:%2F%2Fchallenge.open-contracting.org%2Forientirovochnye-voprosy-dlya-zayavki-na-vtoroj-raund-chellendzha%2F&format=xml" [1]
2022-06-23 16:27:56 URL:https://challenge.open-contracting.org/wp-json/wp/v2/pages/302 [26662] -> "challenge.open-contracting.org/wp-json/wp/v2/pages/302" [1]
2022-06-23 16:27:57 URL:https://challenge.open-contracting.org/kriterii-oczenki-dlya-vtorogo-etapa/ [25809] -> "challenge.open-contracting.org/index.html?p=302.html" [1]
2022-06-23 16:27:57 URL:https://challenge.open-contracting.org/wp-json/oembed/1.0/embed?url=https%3A%2F%2Fchallenge.open-contracting.org%2Fkriterii-oczenki-dlya-vtorogo-etapa%2F [3027] -> "challenge.open-contracting.org/wp-json/oembed/1.0/embed?url=https:%2F%2Fchallenge.open-contracting.org%2Fkriterii-oczenki-dlya-vtorogo-etapa%2F" [1]
2022-06-23 16:27:57 URL:https://challenge.open-contracting.org/wp-json/oembed/1.0/embed?url=https%3A%2F%2Fchallenge.open-contracting.org%2Fkriterii-oczenki-dlya-vtorogo-etapa%2F&format=xml [3181] -> "challenge.open-contracting.org/wp-json/oembed/1.0/embed?url=https:%2F%2Fchallenge.open-contracting.org%2Fkriterii-oczenki-dlya-vtorogo-etapa%2F&format=xml" [1]
2022-06-23 16:27:58 URL:https://challenge.open-contracting.org/blog/team/it-win/ [17526] -> "challenge.open-contracting.org/index.html?p=447.html" [1]
2022-06-23 16:27:58 URL:https://challenge.open-contracting.org/wp-json/oembed/1.0/embed?url=https%3A%2F%2Fchallenge.open-contracting.org%2Fblog%2Fteam%2Fit-win%2F [2625] -> "challenge.open-contracting.org/wp-json/oembed/1.0/embed?url=https:%2F%2Fchallenge.open-contracting.org%2Fblog%2Fteam%2Fit-win%2F" [1]
2022-06-23 16:27:58 URL:https://challenge.open-contracting.org/wp-json/oembed/1.0/embed?url=https%3A%2F%2Fchallenge.open-contracting.org%2Fblog%2Fteam%2Fit-win%2F&format=xml [2726] -> "challenge.open-contracting.org/wp-json/oembed/1.0/embed?url=https:%2F%2Fchallenge.open-contracting.org%2Fblog%2Fteam%2Fit-win%2F&format=xml" [1]
https://challenge.open-contracting.org/en/blog/team/it-win/:
2022-06-23 16:27:58 ERROR 404: Not Found.
2022-06-23 16:27:58 URL:https://challenge.open-contracting.org/wp-content/uploads/2021/07/itwin-2.jpg [83709/83709] -> "challenge.open-contracting.org/wp-content/uploads/2021/07/itwin-2.jpg" [1]
2022-06-23 16:27:59 URL:https://challenge.open-contracting.org/blog/team/positive-initiative/ [17840] -> "challenge.open-contracting.org/index.html?p=448.html" [1]
2022-06-23 16:27:59 URL:https://challenge.open-contracting.org/wp-json/oembed/1.0/embed?url=https%3A%2F%2Fchallenge.open-contracting.org%2Fblog%2Fteam%2Fpositive-initiative%2F [2704] -> "challenge.open-contracting.org/wp-json/oembed/1.0/embed?url=https:%2F%2Fchallenge.open-contracting.org%2Fblog%2Fteam%2Fpositive-initiative%2F" [1]
2022-06-23 16:27:59 URL:https://challenge.open-contracting.org/wp-json/oembed/1.0/embed?url=https%3A%2F%2Fchallenge.open-contracting.org%2Fblog%2Fteam%2Fpositive-initiative%2F&format=xml [2805] -> "challenge.open-contracting.org/wp-json/oembed/1.0/embed?url=https:%2F%2Fchallenge.open-contracting.org%2Fblog%2Fteam%2Fpositive-initiative%2F&format=xml" [1]
https://challenge.open-contracting.org/en/blog/team/innovation-challenge-team-3/:
2022-06-23 16:27:59 ERROR 404: Not Found.
2022-06-23 16:27:59 URL:https://challenge.open-contracting.org/wp-content/uploads/2021/07/positive-initiative-2.jpg [72520/72520] -> "challenge.open-contracting.org/wp-content/uploads/2021/07/positive-initiative-2.jpg" [1]
2022-06-23 16:28:00 URL:https://challenge.open-contracting.org/blog/team/burkitvis/ [17474] -> "challenge.open-contracting.org/index.html?p=443.html" [1]
2022-06-23 16:28:00 URL:https://challenge.open-contracting.org/wp-json/oembed/1.0/embed?url=https%3A%2F%2Fchallenge.open-contracting.org%2Fblog%2Fteam%2Fburkitvis%2F [2641] -> "challenge.open-contracting.org/wp-json/oembed/1.0/embed?url=https:%2F%2Fchallenge.open-contracting.org%2Fblog%2Fteam%2Fburkitvis%2F" [1]
2022-06-23 16:28:00 URL:https://challenge.open-contracting.org/wp-json/oembed/1.0/embed?url=https%3A%2F%2Fchallenge.open-contracting.org%2Fblog%2Fteam%2Fburkitvis%2F&format=xml [2742] -> "challenge.open-contracting.org/wp-json/oembed/1.0/embed?url=https:%2F%2Fchallenge.open-contracting.org%2Fblog%2Fteam%2Fburkitvis%2F&format=xml" [1]
https://challenge.open-contracting.org/en/blog/team/burkitvis/:
2022-06-23 16:28:00 ERROR 404: Not Found.
2022-06-23 16:28:00 URL:https://challenge.open-contracting.org/wp-content/uploads/2021/07/burkit-2.jpg [38253/38253] -> "challenge.open-contracting.org/wp-content/uploads/2021/07/burkit-2.jpg" [1]
2022-06-23 16:28:00 URL:https://challenge.open-contracting.org/blog/team/kloop-media/ [17739] -> "challenge.open-contracting.org/index.html?p=441.html" [1]
2022-06-23 16:28:01 URL:https://challenge.open-contracting.org/wp-json/oembed/1.0/embed?url=https%3A%2F%2Fchallenge.open-contracting.org%2Fblog%2Fteam%2Fkloop-media%2F [2650] -> "challenge.open-contracting.org/wp-json/oembed/1.0/embed?url=https:%2F%2Fchallenge.open-contracting.org%2Fblog%2Fteam%2Fkloop-media%2F" [1]
2022-06-23 16:28:01 URL:https://challenge.open-contracting.org/wp-json/oembed/1.0/embed?url=https%3A%2F%2Fchallenge.open-contracting.org%2Fblog%2Fteam%2Fkloop-media%2F&format=xml [2751] -> "challenge.open-contracting.org/wp-json/oembed/1.0/embed?url=https:%2F%2Fchallenge.open-contracting.org%2Fblog%2Fteam%2Fkloop-media%2F&format=xml" [1]
https://challenge.open-contracting.org/en/blog/team/kloop-media/:
2022-06-23 16:28:01 ERROR 404: Not Found.
2022-06-23 16:28:01 URL:https://challenge.open-contracting.org/wp-content/uploads/2021/07/kloop-1.jpg [82756/82756] -> "challenge.open-contracting.org/wp-content/uploads/2021/07/kloop-1.jpg" [1]
2022-06-23 16:28:01 URL:https://challenge.open-contracting.org/blog/team/opentender-kz/ [17607] -> "challenge.open-contracting.org/index.html?p=439.html" [1]
2022-06-23 16:28:02 URL:https://challenge.open-contracting.org/wp-json/oembed/1.0/embed?url=https%3A%2F%2Fchallenge.open-contracting.org%2Fblog%2Fteam%2Fopentender-kz%2F [2669] -> "challenge.open-contracting.org/wp-json/oembed/1.0/embed?url=https:%2F%2Fchallenge.open-contracting.org%2Fblog%2Fteam%2Fopentender-kz%2F" [1]
2022-06-23 16:28:02 URL:https://challenge.open-contracting.org/wp-json/oembed/1.0/embed?url=https%3A%2F%2Fchallenge.open-contracting.org%2Fblog%2Fteam%2Fopentender-kz%2F&format=xml [2770] -> "challenge.open-contracting.org/wp-json/oembed/1.0/embed?url=https:%2F%2Fchallenge.open-contracting.org%2Fblog%2Fteam%2Fopentender-kz%2F&format=xml" [1]
https://challenge.open-contracting.org/en/blog/team/opentender-kz/:
2022-06-23 16:28:02 ERROR 404: Not Found.
2022-06-23 16:28:02 URL:https://challenge.open-contracting.org/wp-content/uploads/2021/07/opentender.kz_-1.jpg [78164/78164] -> "challenge.open-contracting.org/wp-content/uploads/2021/07/opentender.kz_-1.jpg" [1]
2022-06-23 16:28:02 URL:https://challenge.open-contracting.org/blog/team/ager/ [17711] -> "challenge.open-contracting.org/index.html?p=437.html" [1]
2022-06-23 16:28:02 URL:https://challenge.open-contracting.org/wp-json/oembed/1.0/embed?url=https%3A%2F%2Fchallenge.open-contracting.org%2Fblog%2Fteam%2Fager%2F [2614] -> "challenge.open-contracting.org/wp-json/oembed/1.0/embed?url=https:%2F%2Fchallenge.open-contracting.org%2Fblog%2Fteam%2Fager%2F" [1]
2022-06-23 16:28:03 URL:https://challenge.open-contracting.org/wp-json/oembed/1.0/embed?url=https%3A%2F%2Fchallenge.open-contracting.org%2Fblog%2Fteam%2Fager%2F&format=xml [2715] -> "challenge.open-contracting.org/wp-json/oembed/1.0/embed?url=https:%2F%2Fchallenge.open-contracting.org%2Fblog%2Fteam%2Fager%2F&format=xml" [1]
https://challenge.open-contracting.org/en/blog/team/ager/:
2022-06-23 16:28:03 ERROR 404: Not Found.
2022-06-23 16:28:03 URL:https://challenge.open-contracting.org/wp-content/uploads/2021/07/ager-2.jpg [82876/82876] -> "challenge.open-contracting.org/wp-content/uploads/2021/07/ager-2.jpg" [1]
2022-06-23 16:28:03 URL:https://challenge.open-contracting.org/blog/team/baa-kg/ [17659] -> "challenge.open-contracting.org/index.html?p=432.html" [1]
2022-06-23 16:28:03 URL:https://challenge.open-contracting.org/wp-json/oembed/1.0/embed?url=https%3A%2F%2Fchallenge.open-contracting.org%2Fblog%2Fteam%2Fbaa-kg%2F [2623] -> "challenge.open-contracting.org/wp-json/oembed/1.0/embed?url=https:%2F%2Fchallenge.open-contracting.org%2Fblog%2Fteam%2Fbaa-kg%2F" [1]
2022-06-23 16:28:04 URL:https://challenge.open-contracting.org/wp-json/oembed/1.0/embed?url=https%3A%2F%2Fchallenge.open-contracting.org%2Fblog%2Fteam%2Fbaa-kg%2F&format=xml [2724] -> "challenge.open-contracting.org/wp-json/oembed/1.0/embed?url=https:%2F%2Fchallenge.open-contracting.org%2Fblog%2Fteam%2Fbaa-kg%2F&format=xml" [1]
https://challenge.open-contracting.org/en/blog/team/innovation-challenge-team-2/:
2022-06-23 16:28:04 ERROR 404: Not Found.
2022-06-23 16:28:04 URL:https://challenge.open-contracting.org/wp-content/uploads/2021/07/baa-3.jpg [112568/112568] -> "challenge.open-contracting.org/wp-content/uploads/2021/07/baa-3.jpg" [1]
2022-06-23 16:28:04 URL:https://challenge.open-contracting.org/blog/team/innovation-challenge-team/ [18265] -> "challenge.open-contracting.org/index.html?p=127.html" [1]
2022-06-23 16:28:04 URL:https://challenge.open-contracting.org/wp-json/oembed/1.0/embed?url=https%3A%2F%2Fchallenge.open-contracting.org%2Fblog%2Fteam%2Finnovation-challenge-team%2F [2676] -> "challenge.open-contracting.org/wp-json/oembed/1.0/embed?url=https:%2F%2Fchallenge.open-contracting.org%2Fblog%2Fteam%2Finnovation-challenge-team%2F" [1]
2022-06-23 16:28:05 URL:https://challenge.open-contracting.org/wp-json/oembed/1.0/embed?url=https%3A%2F%2Fchallenge.open-contracting.org%2Fblog%2Fteam%2Finnovation-challenge-team%2F&format=xml [2777] -> "challenge.open-contracting.org/wp-json/oembed/1.0/embed?url=https:%2F%2Fchallenge.open-contracting.org%2Fblog%2Fteam%2Finnovation-challenge-team%2F&format=xml" [1]
https://challenge.open-contracting.org/en/blog/team/innovation-challenge-team/:
2022-06-23 16:28:05 ERROR 404: Not Found.
2022-06-23 16:28:05 URL:https://challenge.open-contracting.org/wp-content/uploads/2021/04/datanomix-2.jpg [66665/66665] -> "challenge.open-contracting.org/wp-content/uploads/2021/04/datanomix-2.jpg" [1]
2022-06-23 16:28:05 URL:https://challenge.open-contracting.org/wp-json/wp/v2/posts/1 [21119] -> "challenge.open-contracting.org/wp-json/wp/v2/posts/1" [1]
2022-06-23 16:28:06 URL:https://challenge.open-contracting.org/blog/privet-mir/ [24194] -> "challenge.open-contracting.org/index.html?p=1.html" [1]
2022-06-23 16:28:06 URL:https://challenge.open-contracting.org/wp-json/oembed/1.0/embed?url=https%3A%2F%2Fchallenge.open-contracting.org%2Fblog%2Fprivet-mir%2F [3105] -> "challenge.open-contracting.org/wp-json/oembed/1.0/embed?url=https:%2F%2Fchallenge.open-contracting.org%2Fblog%2Fprivet-mir%2F" [1]
2022-06-23 16:28:06 URL:https://challenge.open-contracting.org/wp-json/oembed/1.0/embed?url=https%3A%2F%2Fchallenge.open-contracting.org%2Fblog%2Fprivet-mir%2F&format=xml [3268] -> "challenge.open-contracting.org/wp-json/oembed/1.0/embed?url=https:%2F%2Fchallenge.open-contracting.org%2Fblog%2Fprivet-mir%2F&format=xml" [1]
2022-06-23 16:28:06 URL:https://challenge.open-contracting.org/wp-content/uploads/2021/04/pexels-aleksandar-pasaric-325185-1920x560.jpg [119334/119334] -> "challenge.open-contracting.org/wp-content/uploads/2021/04/pexels-aleksandar-pasaric-325185-1920x560.jpg" [1]
2022-06-23 16:28:06 URL:https://challenge.open-contracting.org/en/wp-content/themes/hackathon/assets/fonts/GTEestiProDisplay-Light.otf [116280/116280] -> "challenge.open-contracting.org/en/wp-content/themes/hackathon/assets/fonts/GTEestiProDisplay-Light.otf" [1]
2022-06-23 16:28:06 URL:https://challenge.open-contracting.org/en/wp-content/themes/hackathon/assets/fonts/GTEestiProText-LightItalic.otf [131680/131680] -> "challenge.open-contracting.org/en/wp-content/themes/hackathon/assets/fonts/GTEestiProText-LightItalic.otf" [1]
2022-06-23 16:28:06 URL:https://challenge.open-contracting.org/en/wp-content/themes/hackathon/assets/fonts/GTEestiProDisplay-Regular.otf [113608/113608] -> "challenge.open-contracting.org/en/wp-content/themes/hackathon/assets/fonts/GTEestiProDisplay-Regular.otf" [1]
2022-06-23 16:28:06 URL:https://challenge.open-contracting.org/en/wp-content/themes/hackathon/assets/fonts/GTEestiProDisplay-Medium.otf [119304/119304] -> "challenge.open-contracting.org/en/wp-content/themes/hackathon/assets/fonts/GTEestiProDisplay-Medium.otf" [1]
2022-06-23 16:28:06 URL:https://challenge.open-contracting.org/en/wp-content/themes/hackathon/assets/fonts/GTEestiProDisplay-MediumItalic.otf [120092/120092] -> "challenge.open-contracting.org/en/wp-content/themes/hackathon/assets/fonts/GTEestiProDisplay-MediumItalic.otf" [1]
2022-06-23 16:28:07 URL:https://challenge.open-contracting.org/en/wp-content/themes/hackathon/assets/fonts/GTEestiProDisplay-Bold.otf [121416/121416] -> "challenge.open-contracting.org/en/wp-content/themes/hackathon/assets/fonts/GTEestiProDisplay-Bold.otf" [1]
2022-06-23 16:28:07 URL:https://challenge.open-contracting.org/en/wp-content/themes/hackathon/assets/fonts/GTEestiProDisplay-UltraBold.otf [119472/119472] -> "challenge.open-contracting.org/en/wp-content/themes/hackathon/assets/fonts/GTEestiProDisplay-UltraBold.otf" [1]
2022-06-23 16:28:07 URL:https://challenge.open-contracting.org/en/wp-content/themes/hackathon/assets/fonts/Montserrat-SemiBold.ttf [260936/260936] -> "challenge.open-contracting.org/en/wp-content/themes/hackathon/assets/fonts/Montserrat-SemiBold.ttf" [1]
https://challenge.open-contracting.org/en/wp-content/themes/hackathon/assets/fonts/icomoon.eot?7qjfhy:
2022-06-23 16:28:07 ERROR 404: Not Found.
https://challenge.open-contracting.org/en/wp-content/themes/hackathon/assets/fonts/icomoon.ttf?7qjfhy:
2022-06-23 16:28:07 ERROR 404: Not Found.
https://challenge.open-contracting.org/en/wp-content/themes/hackathon/assets/fonts/icomoon.woff?7qjfhy:
2022-06-23 16:28:07 ERROR 404: Not Found.
https://challenge.open-contracting.org/en/wp-content/themes/hackathon/assets/fonts/icomoon.svg?7qjfhy:
2022-06-23 16:28:07 ERROR 404: Not Found.
2022-06-23 16:28:07 URL:https://challenge.open-contracting.org/en/wp-content/themes/hackathon/assets/img/circles.svg [4320/4320] -> "challenge.open-contracting.org/en/wp-content/themes/hackathon/assets/img/circles.svg" [1]
2022-06-23 16:28:07 URL:https://challenge.open-contracting.org/en/wp-content/themes/hackathon/assets/img/about.svg [649/649] -> "challenge.open-contracting.org/en/wp-content/themes/hackathon/assets/img/about.svg" [1]
2022-06-23 16:28:07 URL:https://challenge.open-contracting.org/en/wp-content/themes/hackathon/assets/img/arrow-right.svg [474/474] -> "challenge.open-contracting.org/en/wp-content/themes/hackathon/assets/img/arrow-right.svg" [1]
2022-06-23 16:28:07 URL:https://challenge.open-contracting.org/en/wp-content/themes/hackathon/assets/img/objectives.svg [1168/1168] -> "challenge.open-contracting.org/en/wp-content/themes/hackathon/assets/img/objectives.svg" [1]
2022-06-23 16:28:07 URL:https://challenge.open-contracting.org/en/wp-content/themes/hackathon/assets/img/green-circle-full.svg [445/445] -> "challenge.open-contracting.org/en/wp-content/themes/hackathon/assets/img/green-circle-full.svg" [1]
2022-06-23 16:28:07 URL:https://challenge.open-contracting.org/en/wp-content/themes/hackathon/assets/img/part-cloud.svg [7503/7503] -> "challenge.open-contracting.org/en/wp-content/themes/hackathon/assets/img/part-cloud.svg" [1]
2022-06-23 16:28:07 URL:https://challenge.open-contracting.org/en/wp-content/themes/hackathon/assets/img/arrow-right_dark.svg [582/582] -> "challenge.open-contracting.org/en/wp-content/themes/hackathon/assets/img/arrow-right_dark.svg" [1]
2022-06-23 16:28:07 URL:https://challenge.open-contracting.org/en/wp-content/themes/hackathon/assets/img/eligibility.svg [2165/2165] -> "challenge.open-contracting.org/en/wp-content/themes/hackathon/assets/img/eligibility.svg" [1]
2022-06-23 16:28:08 URL:https://challenge.open-contracting.org/en/wp-content/themes/hackathon/assets/img/round-check.svg [8892/8892] -> "challenge.open-contracting.org/en/wp-content/themes/hackathon/assets/img/round-check.svg" [1]
2022-06-23 16:28:08 URL:https://challenge.open-contracting.org/en/wp-content/themes/hackathon/assets/img/proposal.svg [24694/24694] -> "challenge.open-contracting.org/en/wp-content/themes/hackathon/assets/img/proposal.svg" [1]
2022-06-23 16:28:08 URL:https://challenge.open-contracting.org/en/wp-content/themes/hackathon/assets/img/arrow-right_green.svg [582/582] -> "challenge.open-contracting.org/en/wp-content/themes/hackathon/assets/img/arrow-right_green.svg" [1]
2022-06-23 16:28:08 URL:https://challenge.open-contracting.org/en/wp-content/themes/hackathon/assets/img/calendar.svg [2891/2891] -> "challenge.open-contracting.org/en/wp-content/themes/hackathon/assets/img/calendar.svg" [1]
2022-06-23 16:28:08 URL:https://challenge.open-contracting.org/en/wp-content/themes/hackathon/assets/img/kind.svg [59292/59292] -> "challenge.open-contracting.org/en/wp-content/themes/hackathon/assets/img/kind.svg" [1]
2022-06-23 16:28:08 URL:https://challenge.open-contracting.org/en/wp-content/themes/hackathon/assets/img/bg_white.jpg [10365/10365] -> "challenge.open-contracting.org/en/wp-content/themes/hackathon/assets/img/bg_white.jpg" [1]
2022-06-23 16:28:08 URL:https://challenge.open-contracting.org/en/wp-json/wp/v2/pages/135 [7859] -> "challenge.open-contracting.org/en/wp-json/wp/v2/pages/135" [1]
2022-06-23 16:28:08 URL:https://challenge.open-contracting.org/en/programm/ [22140] -> "challenge.open-contracting.org/en/index.html?p=135.html" [1]
2022-06-23 16:28:08 URL:https://challenge.open-contracting.org/en/wp-json/oembed/1.0/embed?url=https%3A%2F%2Fchallenge.open-contracting.org%2Fen%2Fprogramm%2F [2478] -> "challenge.open-contracting.org/en/wp-json/oembed/1.0/embed?url=https:%2F%2Fchallenge.open-contracting.org%2Fen%2Fprogramm%2F" [1]
2022-06-23 16:28:09 URL:https://challenge.open-contracting.org/en/wp-json/oembed/1.0/embed?url=https%3A%2F%2Fchallenge.open-contracting.org%2Fen%2Fprogramm%2F&format=xml [2544] -> "challenge.open-contracting.org/en/wp-json/oembed/1.0/embed?url=https:%2F%2Fchallenge.open-contracting.org%2Fen%2Fprogramm%2F&format=xml" [1]
2022-06-23 16:28:09 URL:https://challenge.open-contracting.org/en/ [79979] -> "challenge.open-contracting.org/en.html" [1]
2022-06-23 16:28:09 URL:https://challenge.open-contracting.org/en/wp-json/wp/v2/pages/137 [14043] -> "challenge.open-contracting.org/en/wp-json/wp/v2/pages/137" [1]
2022-06-23 16:28:09 URL:https://challenge.open-contracting.org/en/faq/ [28589] -> "challenge.open-contracting.org/en/index.html?p=137.html" [1]
2022-06-23 16:28:09 URL:https://challenge.open-contracting.org/en/wp-json/oembed/1.0/embed?url=https%3A%2F%2Fchallenge.open-contracting.org%2Fen%2Ffaq%2F [2456] -> "challenge.open-contracting.org/en/wp-json/oembed/1.0/embed?url=https:%2F%2Fchallenge.open-contracting.org%2Fen%2Ffaq%2F" [1]
2022-06-23 16:28:10 URL:https://challenge.open-contracting.org/en/wp-json/oembed/1.0/embed?url=https%3A%2F%2Fchallenge.open-contracting.org%2Fen%2Ffaq%2F&format=xml [2522] -> "challenge.open-contracting.org/en/wp-json/oembed/1.0/embed?url=https:%2F%2Fchallenge.open-contracting.org%2Fen%2Ffaq%2F&format=xml" [1]
2022-06-23 16:28:10 URL:https://challenge.open-contracting.org/en/wp-json/wp/v2/pages/241 [1903] -> "challenge.open-contracting.org/en/wp-json/wp/v2/pages/241" [1]
2022-06-23 16:28:10 URL:https://challenge.open-contracting.org/en/what-kind-of-projects-might-inspire-you-to-apply-for-the-innovation-challenge/ [23861] -> "challenge.open-contracting.org/en/index.html?p=241.html" [1]
2022-06-23 16:28:10 URL:https://challenge.open-contracting.org/en/wp-json/oembed/1.0/embed?url=https%3A%2F%2Fchallenge.open-contracting.org%2Fen%2Fwhat-kind-of-projects-might-inspire-you-to-apply-for-the-innovation-challenge%2F [2637] -> "challenge.open-contracting.org/en/wp-json/oembed/1.0/embed?url=https:%2F%2Fchallenge.open-contracting.org%2Fen%2Fwhat-kind-of-projects-might-inspire-you-to-apply-for-the-innovation-challenge%2F" [1]
2022-06-23 16:28:10 URL:https://challenge.open-contracting.org/en/wp-json/oembed/1.0/embed?url=https%3A%2F%2Fchallenge.open-contracting.org%2Fen%2Fwhat-kind-of-projects-might-inspire-you-to-apply-for-the-innovation-challenge%2F&format=xml [2703] -> "challenge.open-contracting.org/en/wp-json/oembed/1.0/embed?url=https:%2F%2Fchallenge.open-contracting.org%2Fen%2Fwhat-kind-of-projects-might-inspire-you-to-apply-for-the-innovation-challenge%2F&format=xml" [1]
2022-06-23 16:28:10 URL:https://challenge.open-contracting.org/en/wp-content/uploads/sites/4/2021/04/1.png [2747/2747] -> "challenge.open-contracting.org/en/wp-content/uploads/sites/4/2021/04/1.png" [1]
2022-06-23 16:28:10 URL:https://challenge.open-contracting.org/en/wp-content/uploads/sites/4/2021/04/3.png [6648/6648] -> "challenge.open-contracting.org/en/wp-content/uploads/sites/4/2021/04/3.png" [1]
2022-06-23 16:28:10 URL:https://challenge.open-contracting.org/en/wp-content/uploads/sites/4/2021/04/4.png [3193/3193] -> "challenge.open-contracting.org/en/wp-content/uploads/sites/4/2021/04/4.png" [1]
2022-06-23 16:28:11 URL:https://challenge.open-contracting.org/en/wp-content/uploads/sites/4/2021/04/5.png [4353/4353] -> "challenge.open-contracting.org/en/wp-content/uploads/sites/4/2021/04/5.png" [1]
2022-06-23 16:28:11 URL:https://challenge.open-contracting.org/en/wp-content/uploads/sites/4/2021/04/6.png [2727/2727] -> "challenge.open-contracting.org/en/wp-content/uploads/sites/4/2021/04/6.png" [1]
2022-06-23 16:28:11 URL:https://challenge.open-contracting.org/en/wp-content/uploads/sites/4/2021/04/2.png [3792/3792] -> "challenge.open-contracting.org/en/wp-content/uploads/sites/4/2021/04/2.png" [1]
2022-06-23 16:28:11 URL:https://challenge.open-contracting.org/en/wp-content/uploads/sites/4/2021/04/7.png [1535/1535] -> "challenge.open-contracting.org/en/wp-content/uploads/sites/4/2021/04/7.png" [1]
2022-06-23 16:28:11 URL:https://challenge.open-contracting.org/en/wp-content/uploads/sites/4/2021/04/8.png [1686/1686] -> "challenge.open-contracting.org/en/wp-content/uploads/sites/4/2021/04/8.png" [1]
2022-06-23 16:28:11 URL:https://challenge.open-contracting.org/en/wp-content/uploads/sites/4/2021/04/9.png [4669/4669] -> "challenge.open-contracting.org/en/wp-content/uploads/sites/4/2021/04/9.png" [1]
2022-06-23 16:28:11 URL:https://challenge.open-contracting.org/en/wp-json/wp/v2/pages/314 [5971] -> "challenge.open-contracting.org/en/wp-json/wp/v2/pages/314" [1]
2022-06-23 16:28:11 URL:https://challenge.open-contracting.org/en/eligibility-criteria/ [20747] -> "challenge.open-contracting.org/en/index.html?p=314.html" [1]
2022-06-23 16:28:11 URL:https://challenge.open-contracting.org/en/wp-json/oembed/1.0/embed?url=https%3A%2F%2Fchallenge.open-contracting.org%2Fen%2Feligibility-criteria%2F [2541] -> "challenge.open-contracting.org/en/wp-json/oembed/1.0/embed?url=https:%2F%2Fchallenge.open-contracting.org%2Fen%2Feligibility-criteria%2F" [1]
2022-06-23 16:28:12 URL:https://challenge.open-contracting.org/en/wp-json/oembed/1.0/embed?url=https%3A%2F%2Fchallenge.open-contracting.org%2Fen%2Feligibility-criteria%2F&format=xml [2607] -> "challenge.open-contracting.org/en/wp-json/oembed/1.0/embed?url=https:%2F%2Fchallenge.open-contracting.org%2Fen%2Feligibility-criteria%2F&format=xml" [1]
2022-06-23 16:28:12 URL:https://challenge.open-contracting.org/en/wp-json/wp/v2/pages/319 [6132] -> "challenge.open-contracting.org/en/wp-json/wp/v2/pages/319" [1]
2022-06-23 16:28:12 URL:https://challenge.open-contracting.org/en/judging-criteria-phase-1/ [20867] -> "challenge.open-contracting.org/en/index.html?p=319.html" [1]
2022-06-23 16:28:12 URL:https://challenge.open-contracting.org/en/wp-json/oembed/1.0/embed?url=https%3A%2F%2Fchallenge.open-contracting.org%2Fen%2Fjudging-criteria-phase-1%2F [2561] -> "challenge.open-contracting.org/en/wp-json/oembed/1.0/embed?url=https:%2F%2Fchallenge.open-contracting.org%2Fen%2Fjudging-criteria-phase-1%2F" [1]
2022-06-23 16:28:12 URL:https://challenge.open-contracting.org/en/wp-json/oembed/1.0/embed?url=https%3A%2F%2Fchallenge.open-contracting.org%2Fen%2Fjudging-criteria-phase-1%2F&format=xml [2627] -> "challenge.open-contracting.org/en/wp-json/oembed/1.0/embed?url=https:%2F%2Fchallenge.open-contracting.org%2Fen%2Fjudging-criteria-phase-1%2F&format=xml" [1]
2022-06-23 16:28:12 URL:https://challenge.open-contracting.org/en/wp-json/wp/v2/pages/308 [8152] -> "challenge.open-contracting.org/en/wp-json/wp/v2/pages/308" [1]
2022-06-23 16:28:13 URL:https://challenge.open-contracting.org/en/application-questions-round-2/ [22881] -> "challenge.open-contracting.org/en/index.html?p=308.html" [1]
2022-06-23 16:28:13 URL:https://challenge.open-contracting.org/en/wp-json/oembed/1.0/embed?url=https%3A%2F%2Fchallenge.open-contracting.org%2Fen%2Fapplication-questions-round-2%2F [2679] -> "challenge.open-contracting.org/en/wp-json/oembed/1.0/embed?url=https:%2F%2Fchallenge.open-contracting.org%2Fen%2Fapplication-questions-round-2%2F" [1]
2022-06-23 16:28:13 URL:https://challenge.open-contracting.org/en/wp-json/oembed/1.0/embed?url=https%3A%2F%2Fchallenge.open-contracting.org%2Fen%2Fapplication-questions-round-2%2F&format=xml [2745] -> "challenge.open-contracting.org/en/wp-json/oembed/1.0/embed?url=https:%2F%2Fchallenge.open-contracting.org%2Fen%2Fapplication-questions-round-2%2F&format=xml" [1]
2022-06-23 16:28:13 URL:https://challenge.open-contracting.org/en/wp-json/wp/v2/pages/317 [6828] -> "challenge.open-contracting.org/en/wp-json/wp/v2/pages/317" [1]
2022-06-23 16:28:14 URL:https://challenge.open-contracting.org/en/judging-criteria-phase-2/ [21540] -> "challenge.open-contracting.org/en/index.html?p=317.html" [1]
2022-06-23 16:28:14 URL:https://challenge.open-contracting.org/en/wp-json/oembed/1.0/embed?url=https%3A%2F%2Fchallenge.open-contracting.org%2Fen%2Fjudging-criteria-phase-2%2F [2561] -> "challenge.open-contracting.org/en/wp-json/oembed/1.0/embed?url=https:%2F%2Fchallenge.open-contracting.org%2Fen%2Fjudging-criteria-phase-2%2F" [1]
2022-06-23 16:28:14 URL:https://challenge.open-contracting.org/en/wp-json/oembed/1.0/embed?url=https%3A%2F%2Fchallenge.open-contracting.org%2Fen%2Fjudging-criteria-phase-2%2F&format=xml [2627] -> "challenge.open-contracting.org/en/wp-json/oembed/1.0/embed?url=https:%2F%2Fchallenge.open-contracting.org%2Fen%2Fjudging-criteria-phase-2%2F&format=xml" [1]
2022-06-23 16:28:14 URL:https://challenge.open-contracting.org/en/team/it-win/ [17242] -> "challenge.open-contracting.org/en/index.html?p=407.html" [1]
2022-06-23 16:28:14 URL:https://challenge.open-contracting.org/en/wp-json/oembed/1.0/embed?url=https%3A%2F%2Fchallenge.open-contracting.org%2Fen%2Fteam%2Fit-win%2F [2643] -> "challenge.open-contracting.org/en/wp-json/oembed/1.0/embed?url=https:%2F%2Fchallenge.open-contracting.org%2Fen%2Fteam%2Fit-win%2F" [1]
2022-06-23 16:28:14 URL:https://challenge.open-contracting.org/en/wp-json/oembed/1.0/embed?url=https%3A%2F%2Fchallenge.open-contracting.org%2Fen%2Fteam%2Fit-win%2F&format=xml [2742] -> "challenge.open-contracting.org/en/wp-json/oembed/1.0/embed?url=https:%2F%2Fchallenge.open-contracting.org%2Fen%2Fteam%2Fit-win%2F&format=xml" [1]
https://challenge.open-contracting.org/team/it-win/:
2022-06-23 16:28:15 ERROR 404: Not Found.
2022-06-23 16:28:15 URL:https://challenge.open-contracting.org/en/wp-content/uploads/sites/4/2021/07/itwin.jpg [83709/83709] -> "challenge.open-contracting.org/en/wp-content/uploads/sites/4/2021/07/itwin.jpg" [1]
2022-06-23 16:28:15 URL:https://challenge.open-contracting.org/en/team/burkitvis/ [17301] -> "challenge.open-contracting.org/en/index.html?p=405.html" [1]
2022-06-23 16:28:15 URL:https://challenge.open-contracting.org/en/wp-json/oembed/1.0/embed?url=https%3A%2F%2Fchallenge.open-contracting.org%2Fen%2Fteam%2Fburkitvis%2F [2659] -> "challenge.open-contracting.org/en/wp-json/oembed/1.0/embed?url=https:%2F%2Fchallenge.open-contracting.org%2Fen%2Fteam%2Fburkitvis%2F" [1]
2022-06-23 16:28:15 URL:https://challenge.open-contracting.org/en/wp-json/oembed/1.0/embed?url=https%3A%2F%2Fchallenge.open-contracting.org%2Fen%2Fteam%2Fburkitvis%2F&format=xml [2758] -> "challenge.open-contracting.org/en/wp-json/oembed/1.0/embed?url=https:%2F%2Fchallenge.open-contracting.org%2Fen%2Fteam%2Fburkitvis%2F&format=xml" [1]
https://challenge.open-contracting.org/team/burkitvis/:
2022-06-23 16:28:15 ERROR 404: Not Found.
2022-06-23 16:28:15 URL:https://challenge.open-contracting.org/en/wp-content/uploads/sites/4/2021/07/burkit.jpg [38253/38253] -> "challenge.open-contracting.org/en/wp-content/uploads/sites/4/2021/07/burkit.jpg" [1]
2022-06-23 16:28:16 URL:https://challenge.open-contracting.org/en/team/opentender-kz/ [17420] -> "challenge.open-contracting.org/en/index.html?p=400.html" [1]
2022-06-23 16:28:16 URL:https://challenge.open-contracting.org/en/wp-json/oembed/1.0/embed?url=https%3A%2F%2Fchallenge.open-contracting.org%2Fen%2Fteam%2Fopentender-kz%2F [2687] -> "challenge.open-contracting.org/en/wp-json/oembed/1.0/embed?url=https:%2F%2Fchallenge.open-contracting.org%2Fen%2Fteam%2Fopentender-kz%2F" [1]
2022-06-23 16:28:16 URL:https://challenge.open-contracting.org/en/wp-json/oembed/1.0/embed?url=https%3A%2F%2Fchallenge.open-contracting.org%2Fen%2Fteam%2Fopentender-kz%2F&format=xml [2786] -> "challenge.open-contracting.org/en/wp-json/oembed/1.0/embed?url=https:%2F%2Fchallenge.open-contracting.org%2Fen%2Fteam%2Fopentender-kz%2F&format=xml" [1]
https://challenge.open-contracting.org/team/opentender-kz/:
2022-06-23 16:28:16 ERROR 404: Not Found.
2022-06-23 16:28:16 URL:https://challenge.open-contracting.org/en/wp-content/uploads/sites/4/2021/07/opentender.kz_.jpg [78164/78164] -> "challenge.open-contracting.org/en/wp-content/uploads/sites/4/2021/07/opentender.kz_.jpg" [1]
2022-06-23 16:28:16 URL:https://challenge.open-contracting.org/en/team/ager/ [17480] -> "challenge.open-contracting.org/en/index.html?p=398.html" [1]
2022-06-23 16:28:17 URL:https://challenge.open-contracting.org/en/wp-json/oembed/1.0/embed?url=https%3A%2F%2Fchallenge.open-contracting.org%2Fen%2Fteam%2Fager%2F [2632] -> "challenge.open-contracting.org/en/wp-json/oembed/1.0/embed?url=https:%2F%2Fchallenge.open-contracting.org%2Fen%2Fteam%2Fager%2F" [1]
2022-06-23 16:28:17 URL:https://challenge.open-contracting.org/en/wp-json/oembed/1.0/embed?url=https%3A%2F%2Fchallenge.open-contracting.org%2Fen%2Fteam%2Fager%2F&format=xml [2731] -> "challenge.open-contracting.org/en/wp-json/oembed/1.0/embed?url=https:%2F%2Fchallenge.open-contracting.org%2Fen%2Fteam%2Fager%2F&format=xml" [1]
https://challenge.open-contracting.org/team/ager/:
2022-06-23 16:28:17 ERROR 404: Not Found.
2022-06-23 16:28:17 URL:https://challenge.open-contracting.org/en/wp-content/uploads/sites/4/2021/07/ager.jpg [82876/82876] -> "challenge.open-contracting.org/en/wp-content/uploads/sites/4/2021/07/ager.jpg" [1]
2022-06-23 16:28:17 URL:https://challenge.open-contracting.org/en/team/kloop-media/ [17419] -> "challenge.open-contracting.org/en/index.html?p=396.html" [1]
2022-06-23 16:28:18 URL:https://challenge.open-contracting.org/en/wp-json/oembed/1.0/embed?url=https%3A%2F%2Fchallenge.open-contracting.org%2Fen%2Fteam%2Fkloop-media%2F [2668] -> "challenge.open-contracting.org/en/wp-json/oembed/1.0/embed?url=https:%2F%2Fchallenge.open-contracting.org%2Fen%2Fteam%2Fkloop-media%2F" [1]
2022-06-23 16:28:18 URL:https://challenge.open-contracting.org/en/wp-json/oembed/1.0/embed?url=https%3A%2F%2Fchallenge.open-contracting.org%2Fen%2Fteam%2Fkloop-media%2F&format=xml [2767] -> "challenge.open-contracting.org/en/wp-json/oembed/1.0/embed?url=https:%2F%2Fchallenge.open-contracting.org%2Fen%2Fteam%2Fkloop-media%2F&format=xml" [1]
https://challenge.open-contracting.org/team/kloop-media/:
2022-06-23 16:28:18 ERROR 404: Not Found.
2022-06-23 16:28:18 URL:https://challenge.open-contracting.org/en/wp-content/uploads/sites/4/2021/07/kloop.jpg [82756/82756] -> "challenge.open-contracting.org/en/wp-content/uploads/sites/4/2021/07/kloop.jpg" [1]
2022-06-23 16:28:18 URL:https://challenge.open-contracting.org/en/team/innovation-challenge-team-3/ [17642] -> "challenge.open-contracting.org/en/index.html?p=256.html" [1]
2022-06-23 16:28:19 URL:https://challenge.open-contracting.org/en/wp-json/oembed/1.0/embed?url=https%3A%2F%2Fchallenge.open-contracting.org%2Fen%2Fteam%2Finnovation-challenge-team-3%2F [2738] -> "challenge.open-contracting.org/en/wp-json/oembed/1.0/embed?url=https:%2F%2Fchallenge.open-contracting.org%2Fen%2Fteam%2Finnovation-challenge-team-3%2F" [1]
2022-06-23 16:28:19 URL:https://challenge.open-contracting.org/en/wp-json/oembed/1.0/embed?url=https%3A%2F%2Fchallenge.open-contracting.org%2Fen%2Fteam%2Finnovation-challenge-team-3%2F&format=xml [2837] -> "challenge.open-contracting.org/en/wp-json/oembed/1.0/embed?url=https:%2F%2Fchallenge.open-contracting.org%2Fen%2Fteam%2Finnovation-challenge-team-3%2F&format=xml" [1]
https://challenge.open-contracting.org/team/positive-initiative/:
2022-06-23 16:28:19 ERROR 404: Not Found.
2022-06-23 16:28:19 URL:https://challenge.open-contracting.org/en/wp-content/uploads/sites/4/2021/04/positive-initiative.jpg [72520/72520] -> "challenge.open-contracting.org/en/wp-content/uploads/sites/4/2021/04/positive-initiative.jpg" [1]
2022-06-23 16:28:19 URL:https://challenge.open-contracting.org/en/team/innovation-challenge-team-2/ [17345] -> "challenge.open-contracting.org/en/index.html?p=255.html" [1]
2022-06-23 16:28:20 URL:https://challenge.open-contracting.org/en/wp-json/oembed/1.0/embed?url=https%3A%2F%2Fchallenge.open-contracting.org%2Fen%2Fteam%2Finnovation-challenge-team-2%2F [2683] -> "challenge.open-contracting.org/en/wp-json/oembed/1.0/embed?url=https:%2F%2Fchallenge.open-contracting.org%2Fen%2Fteam%2Finnovation-challenge-team-2%2F" [1]
2022-06-23 16:28:20 URL:https://challenge.open-contracting.org/en/wp-json/oembed/1.0/embed?url=https%3A%2F%2Fchallenge.open-contracting.org%2Fen%2Fteam%2Finnovation-challenge-team-2%2F&format=xml [2782] -> "challenge.open-contracting.org/en/wp-json/oembed/1.0/embed?url=https:%2F%2Fchallenge.open-contracting.org%2Fen%2Fteam%2Finnovation-challenge-team-2%2F&format=xml" [1]
https://challenge.open-contracting.org/team/baa-kg/:
2022-06-23 16:28:20 ERROR 404: Not Found.
2022-06-23 16:28:20 URL:https://challenge.open-contracting.org/en/wp-content/uploads/sites/4/2021/04/baa.jpg [112568/112568] -> "challenge.open-contracting.org/en/wp-content/uploads/sites/4/2021/04/baa.jpg" [1]
2022-06-23 16:28:20 URL:https://challenge.open-contracting.org/en/team/innovation-challenge-team/ [17438] -> "challenge.open-contracting.org/en/index.html?p=127.html" [1]
2022-06-23 16:28:20 URL:https://challenge.open-contracting.org/en/wp-json/oembed/1.0/embed?url=https%3A%2F%2Fchallenge.open-contracting.org%2Fen%2Fteam%2Finnovation-challenge-team%2F [2694] -> "challenge.open-contracting.org/en/wp-json/oembed/1.0/embed?url=https:%2F%2Fchallenge.open-contracting.org%2Fen%2Fteam%2Finnovation-challenge-team%2F" [1]
2022-06-23 16:28:21 URL:https://challenge.open-contracting.org/en/wp-json/oembed/1.0/embed?url=https%3A%2F%2Fchallenge.open-contracting.org%2Fen%2Fteam%2Finnovation-challenge-team%2F&format=xml [2793] -> "challenge.open-contracting.org/en/wp-json/oembed/1.0/embed?url=https:%2F%2Fchallenge.open-contracting.org%2Fen%2Fteam%2Finnovation-challenge-team%2F&format=xml" [1]
https://challenge.open-contracting.org/team/innovation-challenge-team/:
2022-06-23 16:28:21 ERROR 404: Not Found.
2022-06-23 16:28:21 URL:https://challenge.open-contracting.org/en/wp-content/uploads/sites/4/2021/04/datanomix.jpg [66665/66665] -> "challenge.open-contracting.org/en/wp-content/uploads/sites/4/2021/04/datanomix.jpg" [1]
2022-06-23 16:28:21 URL:https://challenge.open-contracting.org/en/wp-json/wp/v2/posts/133 [7805] -> "challenge.open-contracting.org/en/wp-json/wp/v2/posts/133" [1]
2022-06-23 16:28:21 URL:https://challenge.open-contracting.org/en/privet-mir-2/ [22581] -> "challenge.open-contracting.org/en/index.html?p=133.html" [1]
2022-06-23 16:28:21 URL:https://challenge.open-contracting.org/en/wp-json/oembed/1.0/embed?url=https%3A%2F%2Fchallenge.open-contracting.org%2Fen%2Fprivet-mir-2%2F [2961] -> "challenge.open-contracting.org/en/wp-json/oembed/1.0/embed?url=https:%2F%2Fchallenge.open-contracting.org%2Fen%2Fprivet-mir-2%2F" [1]
2022-06-23 16:28:22 URL:https://challenge.open-contracting.org/en/wp-json/oembed/1.0/embed?url=https%3A%2F%2Fchallenge.open-contracting.org%2Fen%2Fprivet-mir-2%2F&format=xml [3062] -> "challenge.open-contracting.org/en/wp-json/oembed/1.0/embed?url=https:%2F%2Fchallenge.open-contracting.org%2Fen%2Fprivet-mir-2%2F&format=xml" [1]
2022-06-23 16:28:22 URL:https://challenge.open-contracting.org/en/wp-content/uploads/sites/4/2021/04/pexels-aleksandar-pasaric-325185-1920x560.jpg [117137/117137] -> "challenge.open-contracting.org/en/wp-content/uploads/sites/4/2021/04/pexels-aleksandar-pasaric-325185-1920x560.jpg" [1]
FINISHED --2022-06-23 16:28:22--
Total wall clock time: 50s
Downloaded: 382 files, 11M in 3.3s (3.20 MB/s)
